[2023-02-04 10:02:56	] pgaming(ThóyYªn) BUY 1 [6-1-2339-90]S¸t Thñ Gi¶n lÔ hép(6,1,2339,0,90) 1(COIN) at Shop[142]
[2023-02-04 10:37:15	] pgaming3(HoµngKimKûNiÖm) BUY 1 [4-979-1-1]Kim Tª(4,979,1,0,1) 4(COIN) at Shop[141]
[2023-02-04 10:37:15	] pgaming3(HoµngKimKûNiÖm) BUY 1 [4-979-1-1]Kim Tª(4,979,1,0,1) 4(COIN) at Shop[141]
[2023-02-04 10:37:16	] pgaming3(HoµngKimKûNiÖm) BUY 1 [4-979-1-1]Kim Tª(4,979,1,0,1) 4(COIN) at Shop[141]
[2023-02-04 10:37:16	] pgaming3(HoµngKimKûNiÖm) BUY 1 [4-979-1-1]Kim Tª(4,979,1,0,1) 4(COIN) at Shop[141]
[2023-02-04 10:37:16	] pgaming3(HoµngKimKûNiÖm) BUY 1 [4-979-1-1]Kim Tª(4,979,1,0,1) 4(COIN) at Shop[141]
[2023-02-04 10:37:16	] pgaming3(HoµngKimKûNiÖm) BUY 1 [4-979-1-1]Kim Tª(4,979,1,0,1) 4(COIN) at Shop[141]
[2023-02-04 10:37:19	] pgaming3(HoµngKimKûNiÖm) BUY 1 [6-1-398-1]ThÇn bÝ kho¸ng th¹ch(6,1,398,0,1) 5(COIN) at Shop[141]
[2023-02-04 10:37:19	] pgaming3(HoµngKimKûNiÖm) BUY 1 [6-1-398-1]ThÇn bÝ kho¸ng th¹ch(6,1,398,0,1) 5(COIN) at Shop[141]
[2023-02-04 10:37:20	] pgaming3(HoµngKimKûNiÖm) BUY 1 [6-1-398-1]ThÇn bÝ kho¸ng th¹ch(6,1,398,0,1) 5(COIN) at Shop[141]
[2023-02-04 10:37:20	] pgaming3(HoµngKimKûNiÖm) BUY 1 [6-1-398-1]ThÇn bÝ kho¸ng th¹ch(6,1,398,0,1) 5(COIN) at Shop[141]
[2023-02-04 10:37:20	] pgaming3(HoµngKimKûNiÖm) BUY 1 [6-1-398-1]ThÇn bÝ kho¸ng th¹ch(6,1,398,0,1) 5(COIN) at Shop[141]
[2023-02-04 10:37:20	] pgaming3(HoµngKimKûNiÖm) BUY 1 [6-1-398-1]ThÇn bÝ kho¸ng th¹ch(6,1,398,0,1) 5(COIN) at Shop[141]
[2023-02-04 10:37:20	] pgaming3(HoµngKimKûNiÖm) BUY 1 [6-1-398-1]ThÇn bÝ kho¸ng th¹ch(6,1,398,0,1) 5(COIN) at Shop[141]
[2023-02-04 10:37:20	] pgaming3(HoµngKimKûNiÖm) BUY 1 [6-1-398-1]ThÇn bÝ kho¸ng th¹ch(6,1,398,0,1) 5(COIN) at Shop[141]
[2023-02-04 10:37:20	] pgaming3(HoµngKimKûNiÖm) BUY 1 [6-1-398-1]ThÇn bÝ kho¸ng th¹ch(6,1,398,0,1) 5(COIN) at Shop[141]
[2023-02-04 10:37:20	] pgaming3(HoµngKimKûNiÖm) BUY 1 [6-1-398-1]ThÇn bÝ kho¸ng th¹ch(6,1,398,0,1) 5(COIN) at Shop[141]
[2023-02-04 10:37:20	] pgaming3(HoµngKimKûNiÖm) BUY 1 [6-1-398-1]ThÇn bÝ kho¸ng th¹ch(6,1,398,0,1) 5(COIN) at Shop[141]
[2023-02-04 10:37:20	] pgaming3(HoµngKimKûNiÖm) BUY 1 [6-1-398-1]ThÇn bÝ kho¸ng th¹ch(6,1,398,0,1) 5(COIN) at Shop[141]
[2023-02-04 10:38:58	] pgaming3(HoµngKimKûNiÖm) BUY 1 [4-239-1-1]Tö Thñy Tinh(4,239,1,0,1) 2(COIN) at Shop[141]
[2023-02-04 10:38:58	] pgaming3(HoµngKimKûNiÖm) BUY 1 [4-239-1-1]Tö Thñy Tinh(4,239,1,0,1) 2(COIN) at Shop[141]
[2023-02-04 10:38:58	] pgaming3(HoµngKimKûNiÖm) BUY 1 [4-239-1-1]Tö Thñy Tinh(4,239,1,0,1) 2(COIN) at Shop[141]
[2023-02-04 10:38:58	] pgaming3(HoµngKimKûNiÖm) BUY 1 [4-239-1-1]Tö Thñy Tinh(4,239,1,0,1) 2(COIN) at Shop[141]
[2023-02-04 10:38:58	] pgaming3(HoµngKimKûNiÖm) BUY 1 [4-239-1-1]Tö Thñy Tinh(4,239,1,0,1) 2(COIN) at Shop[141]
[2023-02-04 10:48:46	] pgaming3(HoµngKimKûNiÖm) BUY 1 [4-979-1-1]Kim Tª(4,979,1,0,1) 4(COIN) at Shop[141]
[2023-02-04 11:04:21	] pgaming3(HoµngKimKûNiÖm) BUY 1 [4-979-1-1]Kim Tª(4,979,1,0,1) 4(COIN) at Shop[141]
[2023-02-04 11:04:21	] pgaming3(HoµngKimKûNiÖm) BUY 1 [4-979-1-1]Kim Tª(4,979,1,0,1) 4(COIN) at Shop[141]
[2023-02-04 11:04:21	] pgaming3(HoµngKimKûNiÖm) BUY 1 [4-979-1-1]Kim Tª(4,979,1,0,1) 4(COIN) at Shop[141]
[2023-02-04 11:04:26	] pgaming3(HoµngKimKûNiÖm) BUY 1 [6-1-398-1]ThÇn bÝ kho¸ng th¹ch(6,1,398,0,1) 5(COIN) at Shop[141]
[2023-02-04 11:04:26	] pgaming3(HoµngKimKûNiÖm) BUY 1 [6-1-398-1]ThÇn bÝ kho¸ng th¹ch(6,1,398,0,1) 5(COIN) at Shop[141]
[2023-02-04 11:04:26	] pgaming3(HoµngKimKûNiÖm) BUY 1 [6-1-398-1]ThÇn bÝ kho¸ng th¹ch(6,1,398,0,1) 5(COIN) at Shop[141]
[2023-02-04 11:05:49	] pgaming3(HoµngKimKûNiÖm) BUY 1 [4-979-1-1]Kim Tª(4,979,1,0,1) 4(COIN) at Shop[141]
[2023-02-04 11:05:49	] pgaming3(HoµngKimKûNiÖm) BUY 1 [4-979-1-1]Kim Tª(4,979,1,0,1) 4(COIN) at Shop[141]
[2023-02-04 11:05:49	] pgaming3(HoµngKimKûNiÖm) BUY 1 [4-979-1-1]Kim Tª(4,979,1,0,1) 4(COIN) at Shop[141]
[2023-02-04 11:05:49	] pgaming3(HoµngKimKûNiÖm) BUY 1 [4-979-1-1]Kim Tª(4,979,1,0,1) 4(COIN) at Shop[141]
[2023-02-04 11:05:52	] pgaming3(HoµngKimKûNiÖm) BUY 1 [6-1-398-1]ThÇn bÝ kho¸ng th¹ch(6,1,398,0,1) 5(COIN) at Shop[141]
[2023-02-04 11:05:52	] pgaming3(HoµngKimKûNiÖm) BUY 1 [6-1-398-1]ThÇn bÝ kho¸ng th¹ch(6,1,398,0,1) 5(COIN) at Shop[141]
[2023-02-04 11:05:52	] pgaming3(HoµngKimKûNiÖm) BUY 1 [6-1-398-1]ThÇn bÝ kho¸ng th¹ch(6,1,398,0,1) 5(COIN) at Shop[141]
[2023-02-04 11:05:52	] pgaming3(HoµngKimKûNiÖm) BUY 1 [6-1-398-1]ThÇn bÝ kho¸ng th¹ch(6,1,398,0,1) 5(COIN) at Shop[141]
[2023-02-04 11:07:30	] pgaming3(HoµngKimKûNiÖm) BUY 1 [4-979-1-1]Kim Tª(4,979,1,0,1) 4(COIN) at Shop[141]
[2023-02-04 11:07:30	] pgaming3(HoµngKimKûNiÖm) BUY 1 [4-979-1-1]Kim Tª(4,979,1,0,1) 4(COIN) at Shop[141]
[2023-02-04 11:07:30	] pgaming3(HoµngKimKûNiÖm) BUY 1 [4-979-1-1]Kim Tª(4,979,1,0,1) 4(COIN) at Shop[141]
[2023-02-04 11:07:30	] pgaming3(HoµngKimKûNiÖm) BUY 1 [4-979-1-1]Kim Tª(4,979,1,0,1) 4(COIN) at Shop[141]
[2023-02-04 11:07:30	] pgaming3(HoµngKimKûNiÖm) BUY 1 [4-979-1-1]Kim Tª(4,979,1,0,1) 4(COIN) at Shop[141]
[2023-02-04 11:07:30	] pgaming3(HoµngKimKûNiÖm) BUY 1 [4-979-1-1]Kim Tª(4,979,1,0,1) 4(COIN) at Shop[141]
[2023-02-04 11:07:30	] pgaming3(HoµngKimKûNiÖm) BUY 1 [4-979-1-1]Kim Tª(4,979,1,0,1) 4(COIN) at Shop[141]
[2023-02-04 11:07:30	] pgaming3(HoµngKimKûNiÖm) BUY 1 [4-979-1-1]Kim Tª(4,979,1,0,1) 4(COIN) at Shop[141]
[2023-02-04 11:07:35	] pgaming3(HoµngKimKûNiÖm) BUY 1 [6-1-398-1]ThÇn bÝ kho¸ng th¹ch(6,1,398,0,1) 5(COIN) at Shop[141]
[2023-02-04 11:07:35	] pgaming3(HoµngKimKûNiÖm) BUY 1 [6-1-398-1]ThÇn bÝ kho¸ng th¹ch(6,1,398,0,1) 5(COIN) at Shop[141]
[2023-02-04 11:07:35	] pgaming3(HoµngKimKûNiÖm) BUY 1 [6-1-398-1]ThÇn bÝ kho¸ng th¹ch(6,1,398,0,1) 5(COIN) at Shop[141]
[2023-02-04 11:07:35	] pgaming3(HoµngKimKûNiÖm) BUY 1 [6-1-398-1]ThÇn bÝ kho¸ng th¹ch(6,1,398,0,1) 5(COIN) at Shop[141]
[2023-02-04 11:07:35	] pgaming3(HoµngKimKûNiÖm) BUY 1 [6-1-398-1]ThÇn bÝ kho¸ng th¹ch(6,1,398,0,1) 5(COIN) at Shop[141]
[2023-02-04 11:07:35	] pgaming3(HoµngKimKûNiÖm) BUY 1 [6-1-398-1]ThÇn bÝ kho¸ng th¹ch(6,1,398,0,1) 5(COIN) at Shop[141]
[2023-02-04 11:07:35	] pgaming3(HoµngKimKûNiÖm) BUY 1 [6-1-398-1]ThÇn bÝ kho¸ng th¹ch(6,1,398,0,1) 5(COIN) at Shop[141]
[2023-02-04 11:07:35	] pgaming3(HoµngKimKûNiÖm) BUY 1 [6-1-398-1]ThÇn bÝ kho¸ng th¹ch(6,1,398,0,1) 5(COIN) at Shop[141]
[2023-02-04 11:15:18	] pgaming3(HoµngKimKûNiÖm) BUY 1 [4-238-1-1]Lam Thñy Tinh(4,238,1,0,1) 2(COIN) at Shop[141]
[2023-02-04 11:15:18	] pgaming3(HoµngKimKûNiÖm) BUY 1 [4-238-1-1]Lam Thñy Tinh(4,238,1,0,1) 2(COIN) at Shop[141]
[2023-02-04 11:15:18	] pgaming3(HoµngKimKûNiÖm) BUY 1 [4-238-1-1]Lam Thñy Tinh(4,238,1,0,1) 2(COIN) at Shop[141]
[2023-02-04 11:15:18	] pgaming3(HoµngKimKûNiÖm) BUY 1 [4-238-1-1]Lam Thñy Tinh(4,238,1,0,1) 2(COIN) at Shop[141]
[2023-02-04 11:15:18	] pgaming3(HoµngKimKûNiÖm) BUY 1 [4-238-1-1]Lam Thñy Tinh(4,238,1,0,1) 2(COIN) at Shop[141]
[2023-02-04 11:15:18	] pgaming3(HoµngKimKûNiÖm) BUY 1 [4-238-1-1]Lam Thñy Tinh(4,238,1,0,1) 2(COIN) at Shop[141]
[2023-02-04 11:15:18	] pgaming3(HoµngKimKûNiÖm) BUY 1 [4-238-1-1]Lam Thñy Tinh(4,238,1,0,1) 2(COIN) at Shop[141]
[2023-02-04 11:15:18	] pgaming3(HoµngKimKûNiÖm) BUY 1 [4-238-1-1]Lam Thñy Tinh(4,238,1,0,1) 2(COIN) at Shop[141]
[2023-02-04 11:15:18	] pgaming3(HoµngKimKûNiÖm) BUY 1 [4-238-1-1]Lam Thñy Tinh(4,238,1,0,1) 2(COIN) at Shop[141]
[2023-02-04 11:15:18	] pgaming3(HoµngKimKûNiÖm) BUY 1 [4-238-1-1]Lam Thñy Tinh(4,238,1,0,1) 2(COIN) at Shop[141]
[2023-02-04 11:17:00	] pgaming3(HoµngKimKûNiÖm) BUY 1 [4-238-1-1]Lam Thñy Tinh(4,238,1,0,1) 2(COIN) at Shop[141]
[2023-02-04 11:17:00	] pgaming3(HoµngKimKûNiÖm) BUY 1 [4-238-1-1]Lam Thñy Tinh(4,238,1,0,1) 2(COIN) at Shop[141]
[2023-02-04 11:17:00	] pgaming3(HoµngKimKûNiÖm) BUY 1 [4-238-1-1]Lam Thñy Tinh(4,238,1,0,1) 2(COIN) at Shop[141]
[2023-02-04 11:17:00	] pgaming3(HoµngKimKûNiÖm) BUY 1 [4-238-1-1]Lam Thñy Tinh(4,238,1,0,1) 2(COIN) at Shop[141]
[2023-02-04 11:17:00	] pgaming3(HoµngKimKûNiÖm) BUY 1 [4-238-1-1]Lam Thñy Tinh(4,238,1,0,1) 2(COIN) at Shop[141]
[2023-02-04 11:17:00	] pgaming3(HoµngKimKûNiÖm) BUY 1 [4-238-1-1]Lam Thñy Tinh(4,238,1,0,1) 2(COIN) at Shop[141]
[2023-02-04 11:17:00	] pgaming3(HoµngKimKûNiÖm) BUY 1 [4-238-1-1]Lam Thñy Tinh(4,238,1,0,1) 2(COIN) at Shop[141]
[2023-02-04 11:17:00	] pgaming3(HoµngKimKûNiÖm) BUY 1 [4-238-1-1]Lam Thñy Tinh(4,238,1,0,1) 2(COIN) at Shop[141]
[2023-02-04 11:17:00	] pgaming3(HoµngKimKûNiÖm) BUY 1 [4-238-1-1]Lam Thñy Tinh(4,238,1,0,1) 2(COIN) at Shop[141]
[2023-02-04 11:17:01	] pgaming3(HoµngKimKûNiÖm) BUY 1 [4-238-1-1]Lam Thñy Tinh(4,238,1,0,1) 2(COIN) at Shop[141]
[2023-02-04 11:17:01	] pgaming3(HoµngKimKûNiÖm) BUY 1 [4-238-1-1]Lam Thñy Tinh(4,238,1,0,1) 2(COIN) at Shop[141]
[2023-02-04 11:17:01	] pgaming3(HoµngKimKûNiÖm) BUY 1 [4-238-1-1]Lam Thñy Tinh(4,238,1,0,1) 2(COIN) at Shop[141]
[2023-02-04 11:17:01	] pgaming3(HoµngKimKûNiÖm) BUY 1 [4-238-1-1]Lam Thñy Tinh(4,238,1,0,1) 2(COIN) at Shop[141]
[2023-02-04 11:17:01	] pgaming3(HoµngKimKûNiÖm) BUY 1 [4-238-1-1]Lam Thñy Tinh(4,238,1,0,1) 2(COIN) at Shop[141]
[2023-02-04 11:17:01	] pgaming3(HoµngKimKûNiÖm) BUY 1 [4-238-1-1]Lam Thñy Tinh(4,238,1,0,1) 2(COIN) at Shop[141]
[2023-02-04 11:17:01	] pgaming3(HoµngKimKûNiÖm) BUY 1 [4-238-1-1]Lam Thñy Tinh(4,238,1,0,1) 2(COIN) at Shop[141]
[2023-02-04 11:17:01	] pgaming3(HoµngKimKûNiÖm) BUY 1 [4-238-1-1]Lam Thñy Tinh(4,238,1,0,1) 2(COIN) at Shop[141]
[2023-02-04 11:17:01	] pgaming3(HoµngKimKûNiÖm) BUY 1 [4-238-1-1]Lam Thñy Tinh(4,238,1,0,1) 2(COIN) at Shop[141]
[2023-02-04 11:17:01	] pgaming3(HoµngKimKûNiÖm) BUY 1 [4-238-1-1]Lam Thñy Tinh(4,238,1,0,1) 2(COIN) at Shop[141]
[2023-02-04 11:17:01	] pgaming3(HoµngKimKûNiÖm) BUY 1 [4-238-1-1]Lam Thñy Tinh(4,238,1,0,1) 2(COIN) at Shop[141]
[2023-02-04 11:19:36	] pgaming3(HoµngKimKûNiÖm) BUY 1 [6-1-398-1]ThÇn bÝ kho¸ng th¹ch(6,1,398,0,1) 5(COIN) at Shop[141]
[2023-02-04 11:19:36	] pgaming3(HoµngKimKûNiÖm) BUY 1 [6-1-398-1]ThÇn bÝ kho¸ng th¹ch(6,1,398,0,1) 5(COIN) at Shop[141]
[2023-02-04 11:19:36	] pgaming3(HoµngKimKûNiÖm) BUY 1 [6-1-398-1]ThÇn bÝ kho¸ng th¹ch(6,1,398,0,1) 5(COIN) at Shop[141]
[2023-02-04 11:19:36	] pgaming3(HoµngKimKûNiÖm) BUY 1 [6-1-398-1]ThÇn bÝ kho¸ng th¹ch(6,1,398,0,1) 5(COIN) at Shop[141]
[2023-02-04 11:19:37	] pgaming3(HoµngKimKûNiÖm) BUY 1 [6-1-398-1]ThÇn bÝ kho¸ng th¹ch(6,1,398,0,1) 5(COIN) at Shop[141]
[2023-02-04 11:19:37	] pgaming3(HoµngKimKûNiÖm) BUY 1 [6-1-398-1]ThÇn bÝ kho¸ng th¹ch(6,1,398,0,1) 5(COIN) at Shop[141]
[2023-02-04 11:19:37	] pgaming3(HoµngKimKûNiÖm) BUY 1 [6-1-398-1]ThÇn bÝ kho¸ng th¹ch(6,1,398,0,1) 5(COIN) at Shop[141]
[2023-02-04 11:19:37	] pgaming3(HoµngKimKûNiÖm) BUY 1 [6-1-398-1]ThÇn bÝ kho¸ng th¹ch(6,1,398,0,1) 5(COIN) at Shop[141]
[2023-02-04 11:19:37	] pgaming3(HoµngKimKûNiÖm) BUY 1 [6-1-398-1]ThÇn bÝ kho¸ng th¹ch(6,1,398,0,1) 5(COIN) at Shop[141]
[2023-02-04 11:19:37	] pgaming3(HoµngKimKûNiÖm) BUY 1 [6-1-398-1]ThÇn bÝ kho¸ng th¹ch(6,1,398,0,1) 5(COIN) at Shop[141]
[2023-02-04 11:19:37	] pgaming3(HoµngKimKûNiÖm) BUY 1 [6-1-398-1]ThÇn bÝ kho¸ng th¹ch(6,1,398,0,1) 5(COIN) at Shop[141]
[2023-02-04 11:19:37	] pgaming3(HoµngKimKûNiÖm) BUY 1 [6-1-398-1]ThÇn bÝ kho¸ng th¹ch(6,1,398,0,1) 5(COIN) at Shop[141]
[2023-02-04 11:19:37	] pgaming3(HoµngKimKûNiÖm) BUY 1 [6-1-398-1]ThÇn bÝ kho¸ng th¹ch(6,1,398,0,1) 5(COIN) at Shop[141]
[2023-02-04 11:19:37	] pgaming3(HoµngKimKûNiÖm) BUY 1 [6-1-398-1]ThÇn bÝ kho¸ng th¹ch(6,1,398,0,1) 5(COIN) at Shop[141]
[2023-02-04 11:19:37	] pgaming3(HoµngKimKûNiÖm) BUY 1 [6-1-398-1]ThÇn bÝ kho¸ng th¹ch(6,1,398,0,1) 5(COIN) at Shop[141]
[2023-02-04 11:20:07	] pgaming3(HoµngKimKûNiÖm) BUY 1 [4-239-1-1]Tö Thñy Tinh(4,239,1,0,1) 2(COIN) at Shop[141]
[2023-02-04 11:20:07	] pgaming3(HoµngKimKûNiÖm) BUY 1 [4-239-1-1]Tö Thñy Tinh(4,239,1,0,1) 2(COIN) at Shop[141]
[2023-02-04 11:20:07	] pgaming3(HoµngKimKûNiÖm) BUY 1 [4-239-1-1]Tö Thñy Tinh(4,239,1,0,1) 2(COIN) at Shop[141]
[2023-02-04 11:20:07	] pgaming3(HoµngKimKûNiÖm) BUY 1 [4-239-1-1]Tö Thñy Tinh(4,239,1,0,1) 2(COIN) at Shop[141]
[2023-02-04 11:20:07	] pgaming3(HoµngKimKûNiÖm) BUY 1 [4-239-1-1]Tö Thñy Tinh(4,239,1,0,1) 2(COIN) at Shop[141]
[2023-02-04 11:20:07	] pgaming3(HoµngKimKûNiÖm) BUY 1 [4-239-1-1]Tö Thñy Tinh(4,239,1,0,1) 2(COIN) at Shop[141]
[2023-02-04 11:20:07	] pgaming3(HoµngKimKûNiÖm) BUY 1 [4-239-1-1]Tö Thñy Tinh(4,239,1,0,1) 2(COIN) at Shop[141]
[2023-02-04 11:20:07	] pgaming3(HoµngKimKûNiÖm) BUY 1 [4-239-1-1]Tö Thñy Tinh(4,239,1,0,1) 2(COIN) at Shop[141]
[2023-02-04 11:20:07	] pgaming3(HoµngKimKûNiÖm) BUY 1 [4-239-1-1]Tö Thñy Tinh(4,239,1,0,1) 2(COIN) at Shop[141]
[2023-02-04 11:20:07	] pgaming3(HoµngKimKûNiÖm) BUY 1 [4-239-1-1]Tö Thñy Tinh(4,239,1,0,1) 2(COIN) at Shop[141]
[2023-02-04 11:20:07	] pgaming3(HoµngKimKûNiÖm) BUY 1 [4-239-1-1]Tö Thñy Tinh(4,239,1,0,1) 2(COIN) at Shop[141]
[2023-02-04 11:20:07	] pgaming3(HoµngKimKûNiÖm) BUY 1 [4-239-1-1]Tö Thñy Tinh(4,239,1,0,1) 2(COIN) at Shop[141]
[2023-02-04 11:20:08	] pgaming3(HoµngKimKûNiÖm) BUY 1 [4-239-1-1]Tö Thñy Tinh(4,239,1,0,1) 2(COIN) at Shop[141]
[2023-02-04 11:20:08	] pgaming3(HoµngKimKûNiÖm) BUY 1 [4-239-1-1]Tö Thñy Tinh(4,239,1,0,1) 2(COIN) at Shop[141]
[2023-02-04 11:20:08	] pgaming3(HoµngKimKûNiÖm) BUY 1 [4-239-1-1]Tö Thñy Tinh(4,239,1,0,1) 2(COIN) at Shop[141]
[2023-02-04 11:22:22	] pgaming3(HoµngKimKûNiÖm) BUY 1 [6-1-398-1]ThÇn bÝ kho¸ng th¹ch(6,1,398,0,1) 5(COIN) at Shop[141]
[2023-02-04 11:22:22	] pgaming3(HoµngKimKûNiÖm) BUY 1 [6-1-398-1]ThÇn bÝ kho¸ng th¹ch(6,1,398,0,1) 5(COIN) at Shop[141]
[2023-02-04 11:22:25	] pgaming3(HoµngKimKûNiÖm) BUY 1 [4-239-1-1]Tö Thñy Tinh(4,239,1,0,1) 2(COIN) at Shop[141]
[2023-02-04 11:22:26	] pgaming3(HoµngKimKûNiÖm) BUY 1 [4-239-1-1]Tö Thñy Tinh(4,239,1,0,1) 2(COIN) at Shop[141]
[2023-02-04 11:22:26	] pgaming3(HoµngKimKûNiÖm) BUY 1 [4-239-1-1]Tö Thñy Tinh(4,239,1,0,1) 2(COIN) at Shop[141]
[2023-02-04 11:22:26	] pgaming3(HoµngKimKûNiÖm) BUY 1 [4-239-1-1]Tö Thñy Tinh(4,239,1,0,1) 2(COIN) at Shop[141]
[2023-02-04 11:22:26	] pgaming3(HoµngKimKûNiÖm) BUY 1 [4-239-1-1]Tö Thñy Tinh(4,239,1,0,1) 2(COIN) at Shop[141]
[2023-02-04 11:22:26	] pgaming3(HoµngKimKûNiÖm) BUY 1 [4-239-1-1]Tö Thñy Tinh(4,239,1,0,1) 2(COIN) at Shop[141]
[2023-02-04 11:22:26	] pgaming3(HoµngKimKûNiÖm) BUY 1 [4-239-1-1]Tö Thñy Tinh(4,239,1,0,1) 2(COIN) at Shop[141]
[2023-02-04 11:22:26	] pgaming3(HoµngKimKûNiÖm) BUY 1 [4-239-1-1]Tö Thñy Tinh(4,239,1,0,1) 2(COIN) at Shop[141]
[2023-02-04 11:22:26	] pgaming3(HoµngKimKûNiÖm) BUY 1 [4-239-1-1]Tö Thñy Tinh(4,239,1,0,1) 2(COIN) at Shop[141]
[2023-02-04 11:22:26	] pgaming3(HoµngKimKûNiÖm) BUY 1 [4-239-1-1]Tö Thñy Tinh(4,239,1,0,1) 2(COIN) at Shop[141]
[2023-02-04 11:28:32	] pgaming3(HoµngKimKûNiÖm) SEL 1 Tinh ChuÈn Chi Ngoa(0,5,1,0,10) 12499(MONEY) at Shop[1]
[2023-02-04 11:28:32	] pgaming3(HoµngKimKûNiÖm) SEL 1 Vinh DiÖu Chi Y(0,2,9,0,10) 12499(MONEY) at Shop[1]
[2023-02-04 11:28:33	] pgaming3(HoµngKimKûNiÖm) SEL 1 Duyªn Qu©n(0,3,0,2,9) 12499(MONEY) at Shop[1]
[2023-02-04 11:28:33	] pgaming3(HoµngKimKûNiÖm) SEL 1 TuÖ Thanh(0,3,0,2,6) 12499(MONEY) at Shop[1]
