[2023-01-22 09:41:18	] pgaming2(HeMocTest) SEL 1 Phi V©n(0,10,8,0,10) 12500(MONEY) at Shop[39]
[2023-01-22 09:41:19	] pgaming2(HeMocTest) SEL 1 Phi™n VÚ (0,10,7,0,10) 62500(MONEY) at Shop[39]
[2023-01-22 09:41:19	] pgaming2(HeMocTest) SEL 1 Tuy÷t ßﬁa(0,10,10,0,10) 62500(MONEY) at Shop[39]
[2023-01-22 09:41:19	] pgaming2(HeMocTest) SEL 1 X›ch Long C©u(0,10,9,0,10) 62500(MONEY) at Shop[39]
[2023-01-22 09:41:20	] pgaming2(HeMocTest) SEL 1 B´n Ti™u(0,10,6,0,10) 62500(MONEY) at Shop[39]
[2023-01-22 09:41:34	] pgaming2(HeMocTest) SEL 1 Si™u Quang(0,10,13,0,10) 62500(MONEY) at Shop[39]
[2023-01-22 09:41:35	] pgaming2(HeMocTest) SEL 1 ßªng VÙ(0,10,12,0,10) 62500(MONEY) at Shop[39]
[2023-01-22 09:41:35	] pgaming2(HeMocTest) SEL 1 H·a Tinh Kim HÊ V≠¨ng(0,10,15,0,10) 125000(MONEY) at Shop[39]
[2023-01-22 09:41:35	] pgaming2(HeMocTest) SEL 1 Kim Tinh HÊ V≠¨ng(0,10,14,0,10) 125000(MONEY) at Shop[39]
[2023-01-22 09:41:35	] pgaming2(HeMocTest) SEL 1 Du Huy(0,10,11,0,10) 62500(MONEY) at Shop[39]
[2023-01-22 09:41:52	] pgaming2(HeMocTest) SEL 1 Long Tinh Hæc HÊ V≠¨ng(0,10,17,0,10) 125000(MONEY) at Shop[39]
[2023-01-22 09:41:53	] pgaming2(HeMocTest) SEL 1 Phong V©n Bπch M∑(0,10,19,0,10) 24999(MONEY) at Shop[39]
[2023-01-22 09:41:53	] pgaming2(HeMocTest) SEL 1 Kim Tinh Bπch HÊ V≠¨ng(0,10,16,0,10) 125000(MONEY) at Shop[39]
[2023-01-22 09:41:53	] pgaming2(HeMocTest) SEL 1 Phong V©n Chi’n M∑(0,10,20,0,10) 24999(MONEY) at Shop[39]
[2023-01-22 09:42:20	] pgaming2(HeMocTest) SEL 1 Ng˘ Phong(0,10,27,5,10) 24999(MONEY) at Shop[39]
[2023-01-22 09:42:21	] pgaming2(HeMocTest) SEL 1 Lam L©n Th«n LÈc(0,10,18,5,10) 24999(MONEY) at Shop[39]
[2023-01-22 09:42:21	] pgaming2(HeMocTest) SEL 1 Lπc Æµ(0,10,23,0,10) 125000(MONEY) at Shop[39]
[2023-01-22 09:42:22	] pgaming2(HeMocTest) SEL 1 Truy Æi÷n(0,10,28,5,10) 24999(MONEY) at Shop[39]
[2023-01-22 09:42:23	] pgaming2(HeMocTest) SEL 1 H≠¨u ÆËm(0,10,25,0,10) 125000(MONEY) at Shop[39]
[2023-01-22 09:42:23	] pgaming2(HeMocTest) SEL 1 S≠ tˆ(0,10,22,0,10) 125000(MONEY) at Shop[39]
[2023-01-22 09:42:25	] pgaming2(HeMocTest) SEL 1 L≠u Tinh (0,10,29,5,10) 24999(MONEY) at Shop[39]
[2023-01-22 09:42:25	] pgaming2(HeMocTest) SEL 1 D≠¨ng Sa(0,10,26,5,10) 24999(MONEY) at Shop[39]
[2023-01-22 09:42:31	] pgaming2(HeMocTest) SEL 1 D≠¨ng ßµ(0,10,24,0,10) 125000(MONEY) at Shop[39]
[2023-01-22 09:42:55	] pgaming2(HeMocTest) SEL 1 S≠ tˆ(0,10,22,5,10) 24999(MONEY) at Shop[39]
[2023-01-22 09:42:56	] pgaming2(HeMocTest) SEL 1 H∑n Huy’t Long C©u(0,10,18,5,10) 24999(MONEY) at Shop[39]
[2023-01-22 09:42:57	] pgaming2(HeMocTest) SEL 1 H∑n Huy’t Long C©u(0,10,18,0,10) 125000(MONEY) at Shop[39]
[2023-01-22 09:42:58	] pgaming2(HeMocTest) SEL 1 Tuy’t V˘c Chi’n Lang(0,10,36,5,10) 24999(MONEY) at Shop[39]
[2023-01-22 09:42:58	] pgaming2(HeMocTest) SEL 1 Si™u Quang(0,10,13,5,10) 24999(MONEY) at Shop[39]
[2023-01-22 09:42:58	] pgaming2(HeMocTest) SEL 1 Kinh L´i(0,10,34,5,10) 24999(MONEY) at Shop[39]
[2023-01-22 09:43:35	] pgaming2(HeMocTest) SEL 1 Nguy÷t Khuy’t B› ßÈc ThÛc Y™u(0,6,0,3,10) 24999(MONEY) at Shop[39]
[2023-01-22 09:43:35	] pgaming2(HeMocTest) SEL 1 Nguy÷t Khuy’t B› ßÈc Y™u TrÙy(0,9,1,1,10) 24999(MONEY) at Shop[39]
[2023-01-22 09:43:36	] pgaming2(HeMocTest) SEL 1 Nguy÷t Khuy’t B› ßÈc Qu∏n(0,7,2,0,10) 24999(MONEY) at Shop[39]
[2023-01-22 09:43:36	] pgaming2(HeMocTest) SEL 1 Nguy÷t Khuy’t B› ßÈc Hπng Li™n(0,4,1,4,10) 24999(MONEY) at Shop[39]
[2023-01-22 09:43:37	] pgaming2(HeMocTest) SEL 1 Nguy÷t Khuy’t B› ßÈc L›(0,5,1,2,10) 24999(MONEY) at Shop[39]
[2023-01-22 09:43:37	] pgaming2(HeMocTest) SEL 1 Nguy÷t Khuy’t B› ßÈc HÈ Uy”n(0,8,1,1,10) 24999(MONEY) at Shop[39]
[2023-01-22 09:43:38	] pgaming2(HeMocTest) SEL 1 Nguy÷t Khuy’t B› ßÈc Linh Xµ Chÿ Hoµn(0,3,0,2,10) 24999(MONEY) at Shop[39]
[2023-01-22 09:43:39	] pgaming2(HeMocTest) SEL 1 Nguy÷t Khuy’t B› ßÈc Kim Thi“m Chÿ Hoµn(0,3,0,3,10) 24999(MONEY) at Shop[39]
[2023-01-22 09:43:39	] pgaming2(HeMocTest) SEL 1 Nguy÷t Khuy’t B› ßÈc Gi∏p Y(0,2,3,4,10) 24999(MONEY) at Shop[39]
[2023-01-22 09:44:13	] pgaming2(HeMocTest) SEL 1 Di÷u D≠¨ng Thi™n Quang Gi∏p Y(0,2,3,4,10) 24999(MONEY) at Shop[39]
[2023-01-22 09:44:13	] pgaming2(HeMocTest) SEL 1 Di÷u D≠¨ng Thi™n Quang Y™u TrÙy(0,9,1,1,10) 24999(MONEY) at Shop[39]
[2023-01-22 09:44:14	] pgaming2(HeMocTest) SEL 1 Di÷u D≠¨ng Thi™n Quang HÈ Uy”n(0,8,1,1,10) 24999(MONEY) at Shop[39]
[2023-01-22 09:44:14	] pgaming2(HeMocTest) SEL 1 Di÷u D≠¨ng Thi™n Quang Linh Xµ Chÿ Hoµn(0,3,0,2,10) 24999(MONEY) at Shop[39]
[2023-01-22 09:44:15	] pgaming2(HeMocTest) SEL 1 Di÷u D≠¨ng Thi™n Quang Qu∏n(0,7,2,0,10) 24999(MONEY) at Shop[39]
[2023-01-22 09:44:15	] pgaming2(HeMocTest) SEL 1 Di÷u D≠¨ng Thi™n Quang Hπng Li™n(0,4,1,4,10) 24999(MONEY) at Shop[39]
[2023-01-22 09:44:15	] pgaming2(HeMocTest) SEL 1 Di÷u D≠¨ng Thi™n Quang L˜(0,5,1,2,10) 24999(MONEY) at Shop[39]
[2023-01-22 09:44:16	] pgaming2(HeMocTest) SEL 1 Nguy÷t Khuy’t B› ßÈc TÙ Ti‘n(0,1,2,0,10) 24999(MONEY) at Shop[39]
[2023-01-22 09:44:16	] pgaming2(HeMocTest) SEL 1 Di÷u D≠¨ng Thi™n Quang Kim Thi“m Chÿ Hoµn(0,3,0,3,10) 24999(MONEY) at Shop[39]
[2023-01-22 09:44:17	] pgaming2(HeMocTest) SEL 1 Di÷u D≠¨ng Thi™n Quang ThÛc Y™u(0,6,0,3,10) 24999(MONEY) at Shop[39]
[2023-01-22 09:44:38	] pgaming2(HeMocTest) SEL 1 ßªng Long Th› Th«n Gi∏p Y(0,2,3,4,10) 24999(MONEY) at Shop[39]
[2023-01-22 09:44:38	] pgaming2(HeMocTest) SEL 1 ßªng Long Th› Th«n Y™u TrÙy(0,9,1,1,10) 24999(MONEY) at Shop[39]
[2023-01-22 09:44:38	] pgaming2(HeMocTest) SEL 1 ßªng Long Th› Th«n HÈ Uy”n(0,8,1,1,10) 24999(MONEY) at Shop[39]
[2023-01-22 09:44:39	] pgaming2(HeMocTest) SEL 1 ßªng Long Th› Th«n Linh Xµ Chÿ Hoµn(0,3,0,2,10) 24999(MONEY) at Shop[39]
[2023-01-22 09:44:39	] pgaming2(HeMocTest) SEL 1 ßªng Long Th› Th«n Qu∏n(0,7,2,0,10) 24999(MONEY) at Shop[39]
[2023-01-22 09:44:40	] pgaming2(HeMocTest) SEL 1 ßªng Long Th› Th«n Hπng Li™n(0,4,1,4,10) 24999(MONEY) at Shop[39]
[2023-01-22 09:44:40	] pgaming2(HeMocTest) SEL 1 ßªng Long Th› Th«n L˝(0,5,1,2,10) 24999(MONEY) at Shop[39]
[2023-01-22 09:44:40	] pgaming2(HeMocTest) SEL 1 ßªng Long Th› Th«n TÙ Ti‘n(0,1,2,0,10) 24999(MONEY) at Shop[39]
[2023-01-22 09:44:41	] pgaming2(HeMocTest) SEL 1 ßªng Long Th› Th«n Kim Thi“m Chÿ Hoµn(0,3,0,3,10) 24999(MONEY) at Shop[39]
[2023-01-22 09:44:41	] pgaming2(HeMocTest) SEL 1 ßªng Long Th› Th«n ThÛc Y™u(0,6,0,3,10) 24999(MONEY) at Shop[39]
[2023-01-22 09:45:48	] pgaming2(HeMocTest) BUY 1 [6-1-1022-1]Boss Tri÷u Ho∏n PhÔ (6,1,1022,0,1) 1(COIN) at Shop[181]
[2023-01-22 09:45:48	] pgaming2(HeMocTest) BUY 1 [6-1-1022-1]Boss Tri÷u Ho∏n PhÔ (6,1,1022,0,1) 1(COIN) at Shop[181]
[2023-01-22 09:45:48	] pgaming2(HeMocTest) BUY 1 [6-1-1022-1]Boss Tri÷u Ho∏n PhÔ (6,1,1022,0,1) 1(COIN) at Shop[181]
[2023-01-22 09:45:48	] pgaming2(HeMocTest) BUY 1 [6-1-1022-1]Boss Tri÷u Ho∏n PhÔ (6,1,1022,0,1) 1(COIN) at Shop[181]
[2023-01-22 09:45:48	] pgaming2(HeMocTest) BUY 1 [6-1-1022-1]Boss Tri÷u Ho∏n PhÔ (6,1,1022,0,1) 1(COIN) at Shop[181]
[2023-01-22 09:45:48	] pgaming2(HeMocTest) BUY 1 [6-1-1022-1]Boss Tri÷u Ho∏n PhÔ (6,1,1022,0,1) 1(COIN) at Shop[181]
[2023-01-22 09:45:48	] pgaming2(HeMocTest) BUY 1 [6-1-1022-1]Boss Tri÷u Ho∏n PhÔ (6,1,1022,0,1) 1(COIN) at Shop[181]
[2023-01-22 09:45:49	] pgaming2(HeMocTest) BUY 1 [6-1-1022-1]Boss Tri÷u Ho∏n PhÔ (6,1,1022,0,1) 1(COIN) at Shop[181]
[2023-01-22 09:45:49	] pgaming2(HeMocTest) BUY 1 [6-1-1022-1]Boss Tri÷u Ho∏n PhÔ (6,1,1022,0,1) 1(COIN) at Shop[181]
[2023-01-22 09:45:49	] pgaming2(HeMocTest) BUY 1 [6-1-1022-1]Boss Tri÷u Ho∏n PhÔ (6,1,1022,0,1) 1(COIN) at Shop[181]
[2023-01-22 09:45:49	] pgaming2(HeMocTest) BUY 1 [6-1-1022-1]Boss Tri÷u Ho∏n PhÔ (6,1,1022,0,1) 1(COIN) at Shop[181]
[2023-01-22 09:45:49	] pgaming2(HeMocTest) BUY 1 [6-1-1022-1]Boss Tri÷u Ho∏n PhÔ (6,1,1022,0,1) 1(COIN) at Shop[181]
[2023-01-22 09:45:49	] pgaming2(HeMocTest) BUY 1 [6-1-1022-1]Boss Tri÷u Ho∏n PhÔ (6,1,1022,0,1) 1(COIN) at Shop[181]
[2023-01-22 09:45:49	] pgaming2(HeMocTest) BUY 1 [6-1-1022-1]Boss Tri÷u Ho∏n PhÔ (6,1,1022,0,1) 1(COIN) at Shop[181]
[2023-01-22 09:45:49	] pgaming2(HeMocTest) BUY 1 [6-1-1022-1]Boss Tri÷u Ho∏n PhÔ (6,1,1022,0,1) 1(COIN) at Shop[181]
[2023-01-22 09:45:49	] pgaming2(HeMocTest) BUY 1 [6-1-1022-1]Boss Tri÷u Ho∏n PhÔ (6,1,1022,0,1) 1(COIN) at Shop[181]
[2023-01-22 09:45:49	] pgaming2(HeMocTest) BUY 1 [6-1-1022-1]Boss Tri÷u Ho∏n PhÔ (6,1,1022,0,1) 1(COIN) at Shop[181]
[2023-01-22 09:45:49	] pgaming2(HeMocTest) BUY 1 [6-1-1022-1]Boss Tri÷u Ho∏n PhÔ (6,1,1022,0,1) 1(COIN) at Shop[181]
[2023-01-22 09:45:49	] pgaming2(HeMocTest) BUY 1 [6-1-1022-1]Boss Tri÷u Ho∏n PhÔ (6,1,1022,0,1) 1(COIN) at Shop[181]
[2023-01-22 09:45:49	] pgaming2(HeMocTest) BUY 1 [6-1-1022-1]Boss Tri÷u Ho∏n PhÔ (6,1,1022,0,1) 1(COIN) at Shop[181]
[2023-01-22 09:45:49	] pgaming2(HeMocTest) BUY 1 [6-1-1022-1]Boss Tri÷u Ho∏n PhÔ (6,1,1022,0,1) 1(COIN) at Shop[181]
[2023-01-22 09:45:49	] pgaming2(HeMocTest) BUY 1 [6-1-1022-1]Boss Tri÷u Ho∏n PhÔ (6,1,1022,0,1) 1(COIN) at Shop[181]
[2023-01-22 09:45:49	] pgaming2(HeMocTest) BUY 1 [6-1-1022-1]Boss Tri÷u Ho∏n PhÔ (6,1,1022,0,1) 1(COIN) at Shop[181]
[2023-01-22 09:45:49	] pgaming2(HeMocTest) BUY 1 [6-1-1022-1]Boss Tri÷u Ho∏n PhÔ (6,1,1022,0,1) 1(COIN) at Shop[181]
[2023-01-22 09:45:50	] pgaming2(HeMocTest) BUY 1 [6-1-1022-1]Boss Tri÷u Ho∏n PhÔ (6,1,1022,0,1) 1(COIN) at Shop[181]
[2023-01-22 09:45:50	] pgaming2(HeMocTest) BUY 1 [6-1-1022-1]Boss Tri÷u Ho∏n PhÔ (6,1,1022,0,1) 1(COIN) at Shop[181]
[2023-01-22 09:45:50	] pgaming2(HeMocTest) BUY 1 [6-1-1022-1]Boss Tri÷u Ho∏n PhÔ (6,1,1022,0,1) 1(COIN) at Shop[181]
[2023-01-22 09:45:50	] pgaming2(HeMocTest) BUY 1 [6-1-1022-1]Boss Tri÷u Ho∏n PhÔ (6,1,1022,0,1) 1(COIN) at Shop[181]
[2023-01-22 09:45:50	] pgaming2(HeMocTest) BUY 1 [6-1-1022-1]Boss Tri÷u Ho∏n PhÔ (6,1,1022,0,1) 1(COIN) at Shop[181]
[2023-01-22 09:45:50	] pgaming2(HeMocTest) BUY 1 [6-1-1022-1]Boss Tri÷u Ho∏n PhÔ (6,1,1022,0,1) 1(COIN) at Shop[181]
[2023-01-22 09:45:50	] pgaming2(HeMocTest) BUY 1 [6-1-1022-1]Boss Tri÷u Ho∏n PhÔ (6,1,1022,0,1) 1(COIN) at Shop[181]
[2023-01-22 09:45:50	] pgaming2(HeMocTest) BUY 1 [6-1-1022-1]Boss Tri÷u Ho∏n PhÔ (6,1,1022,0,1) 1(COIN) at Shop[181]
[2023-01-22 09:45:50	] pgaming2(HeMocTest) BUY 1 [6-1-1022-1]Boss Tri÷u Ho∏n PhÔ (6,1,1022,0,1) 1(COIN) at Shop[181]
[2023-01-22 09:45:50	] pgaming2(HeMocTest) BUY 1 [6-1-1022-1]Boss Tri÷u Ho∏n PhÔ (6,1,1022,0,1) 1(COIN) at Shop[181]
[2023-01-22 09:45:50	] pgaming2(HeMocTest) BUY 1 [6-1-1022-1]Boss Tri÷u Ho∏n PhÔ (6,1,1022,0,1) 1(COIN) at Shop[181]
[2023-01-22 09:45:50	] pgaming2(HeMocTest) BUY 1 [6-1-1022-1]Boss Tri÷u Ho∏n PhÔ (6,1,1022,0,1) 1(COIN) at Shop[181]
[2023-01-22 09:45:50	] pgaming2(HeMocTest) BUY 1 [6-1-1022-1]Boss Tri÷u Ho∏n PhÔ (6,1,1022,0,1) 1(COIN) at Shop[181]
[2023-01-22 09:45:50	] pgaming2(HeMocTest) BUY 1 [6-1-1022-1]Boss Tri÷u Ho∏n PhÔ (6,1,1022,0,1) 1(COIN) at Shop[181]
[2023-01-22 09:45:50	] pgaming2(HeMocTest) BUY 1 [6-1-1022-1]Boss Tri÷u Ho∏n PhÔ (6,1,1022,0,1) 1(COIN) at Shop[181]
[2023-01-22 09:45:50	] pgaming2(HeMocTest) BUY 1 [6-1-1022-1]Boss Tri÷u Ho∏n PhÔ (6,1,1022,0,1) 1(COIN) at Shop[181]
[2023-01-22 09:45:50	] pgaming2(HeMocTest) BUY 1 [6-1-1022-1]Boss Tri÷u Ho∏n PhÔ (6,1,1022,0,1) 1(COIN) at Shop[181]
[2023-01-22 09:45:50	] pgaming2(HeMocTest) BUY 1 [6-1-1022-1]Boss Tri÷u Ho∏n PhÔ (6,1,1022,0,1) 1(COIN) at Shop[181]
[2023-01-22 09:45:51	] pgaming2(HeMocTest) BUY 1 [6-1-1022-1]Boss Tri÷u Ho∏n PhÔ (6,1,1022,0,1) 1(COIN) at Shop[181]
[2023-01-22 09:45:51	] pgaming2(HeMocTest) BUY 1 [6-1-1022-1]Boss Tri÷u Ho∏n PhÔ (6,1,1022,0,1) 1(COIN) at Shop[181]
[2023-01-22 09:45:51	] pgaming2(HeMocTest) BUY 1 [6-1-1022-1]Boss Tri÷u Ho∏n PhÔ (6,1,1022,0,1) 1(COIN) at Shop[181]
[2023-01-22 09:45:51	] pgaming2(HeMocTest) BUY 1 [6-1-1022-1]Boss Tri÷u Ho∏n PhÔ (6,1,1022,0,1) 1(COIN) at Shop[181]
[2023-01-22 09:45:51	] pgaming2(HeMocTest) BUY 1 [6-1-1022-1]Boss Tri÷u Ho∏n PhÔ (6,1,1022,0,1) 1(COIN) at Shop[181]
[2023-01-22 09:45:51	] pgaming2(HeMocTest) BUY 1 [6-1-1022-1]Boss Tri÷u Ho∏n PhÔ (6,1,1022,0,1) 1(COIN) at Shop[181]
[2023-01-22 09:45:51	] pgaming2(HeMocTest) BUY 1 [6-1-1022-1]Boss Tri÷u Ho∏n PhÔ (6,1,1022,0,1) 1(COIN) at Shop[181]
[2023-01-22 09:45:51	] pgaming2(HeMocTest) BUY 1 [6-1-1022-1]Boss Tri÷u Ho∏n PhÔ (6,1,1022,0,1) 1(COIN) at Shop[181]
[2023-01-22 09:45:51	] pgaming2(HeMocTest) BUY 1 [6-1-1022-1]Boss Tri÷u Ho∏n PhÔ (6,1,1022,0,1) 1(COIN) at Shop[181]
[2023-01-22 09:45:51	] pgaming2(HeMocTest) BUY 1 [6-1-1022-1]Boss Tri÷u Ho∏n PhÔ (6,1,1022,0,1) 1(COIN) at Shop[181]
[2023-01-22 09:45:51	] pgaming2(HeMocTest) BUY 1 [6-1-1022-1]Boss Tri÷u Ho∏n PhÔ (6,1,1022,0,1) 1(COIN) at Shop[181]
[2023-01-22 09:45:51	] pgaming2(HeMocTest) BUY 1 [6-1-1022-1]Boss Tri÷u Ho∏n PhÔ (6,1,1022,0,1) 1(COIN) at Shop[181]
[2023-01-22 09:45:51	] pgaming2(HeMocTest) BUY 1 [6-1-1022-1]Boss Tri÷u Ho∏n PhÔ (6,1,1022,0,1) 1(COIN) at Shop[181]
[2023-01-22 09:45:51	] pgaming2(HeMocTest) BUY 1 [6-1-1022-1]Boss Tri÷u Ho∏n PhÔ (6,1,1022,0,1) 1(COIN) at Shop[181]
[2023-01-22 09:49:52	] pgaming2(HeMocTest) BUY 1 [6-1-1448-1]Mπc Bæc Truy“n TËng L÷nh(6,1,1448,0,1) 1(COIN) at Shop[142]
[2023-01-22 09:52:44	] pgaming2(HeMocTest) SEL 1 Di÷u D≠¨ng B®ng Hµn Gi∏p(0,2,3,4,10) 24999(MONEY) at Shop[13]
[2023-01-22 09:52:45	] pgaming2(HeMocTest) SEL 1 Di÷u D≠¨ng S©m Hoang Gi∏p Y(0,2,3,4,10) 24999(MONEY) at Shop[13]
[2023-01-22 09:52:45	] pgaming2(HeMocTest) SEL 1 Di÷u D≠¨ng S©m Hoang ßoπt HÂn Chÿ Hoµn(0,3,0,3,10) 24999(MONEY) at Shop[13]
[2023-01-22 09:52:46	] pgaming2(HeMocTest) SEL 1 Di÷u D≠¨ng B®ng Hµn BÈi(0,9,1,1,10) 24999(MONEY) at Shop[13]
[2023-01-22 09:52:46	] pgaming2(HeMocTest) SEL 1 Di÷u D≠¨ng B®ng Hµn Qu∏n(0,7,2,0,10) 24999(MONEY) at Shop[13]
[2023-01-22 09:52:47	] pgaming2(HeMocTest) SEL 1 Di÷u D≠¨ng B®ng Hµn Phi Hoa Chÿ Hoµn(0,3,0,2,10) 24999(MONEY) at Shop[13]
[2023-01-22 09:52:47	] pgaming2(HeMocTest) SEL 1 Di÷u D≠¨ng B®ng Hµn Hπng Li™n(0,4,1,4,10) 24999(MONEY) at Shop[13]
[2023-01-22 09:52:48	] pgaming2(HeMocTest) SEL 1 Di÷u D≠¨ng S©m Hoang Nhi’p Ph∏ch Chÿ Hoµn(0,3,0,2,10) 24999(MONEY) at Shop[13]
[2023-01-22 09:52:48	] pgaming2(HeMocTest) SEL 1 Di÷u D≠¨ng B®ng Hµn L˜(0,5,1,2,10) 24999(MONEY) at Shop[13]
[2023-01-22 09:52:49	] pgaming2(HeMocTest) SEL 1 Di÷u D≠¨ng S©m Hoang L˜(0,5,1,2,10) 24999(MONEY) at Shop[13]
[2023-01-22 09:52:50	] pgaming2(HeMocTest) SEL 1 Di÷u D≠¨ng S©m Hoang Hπng Li™n(0,4,1,4,10) 24999(MONEY) at Shop[13]
[2023-01-22 09:52:50	] pgaming2(HeMocTest) SEL 1 Di÷u D≠¨ng B®ng Hµn Tr›ch Di÷p Chÿ Hoµn(0,3,0,3,10) 24999(MONEY) at Shop[13]
[2023-01-22 09:52:50	] pgaming2(HeMocTest) SEL 1 Di÷u D≠¨ng B®ng Hµn HÈ Uy”n(0,8,1,1,10) 24999(MONEY) at Shop[13]
[2023-01-22 09:52:50	] pgaming2(HeMocTest) SEL 1 Di÷u D≠¨ng B®ng Hµn Tri“n Y™u(0,6,0,3,10) 24999(MONEY) at Shop[13]
[2023-01-22 09:52:51	] pgaming2(HeMocTest) SEL 1 Di÷u D≠¨ng S©m Hoang HÈ Uy”n(0,8,1,1,10) 24999(MONEY) at Shop[13]
[2023-01-22 09:52:52	] pgaming2(HeMocTest) SEL 1 Di÷u D≠¨ng S©m Hoang Ph∏t Qu∏n(0,7,2,0,10) 24999(MONEY) at Shop[13]
[2023-01-22 09:52:52	] pgaming2(HeMocTest) SEL 1 Di÷u D≠¨ng S©m Hoang Y™u TrÙy(0,9,1,1,10) 24999(MONEY) at Shop[13]
[2023-01-22 09:52:54	] pgaming2(HeMocTest) SEL 1 Di÷u D≠¨ng S©m Hoang ThÛc Y™u(0,6,0,3,10) 24999(MONEY) at Shop[13]
[2023-01-22 09:56:47	] pgaming2(HeMocTest) BUY 1 [6-1-2432-1]L÷nh bµi Vi S¨n Æ∂o(6,1,2432,0,1) 1(COIN) at Shop[142]
[2023-01-22 10:01:27	] pgaming2(HeMocTest) BUY 1 [6-1-1181-1]Ti™n Th∂o LÈ Æ∆c bi÷t(6,1,1181,0,1) 5(COIN) at Shop[139]
[2023-01-22 10:13:31	] pgaming2(HeMocTest) BUY 1 [6-1-1022-1]Boss Tri÷u Ho∏n PhÔ (6,1,1022,0,1) 1(COIN) at Shop[181]
[2023-01-22 10:13:32	] pgaming2(HeMocTest) BUY 1 [6-1-1022-1]Boss Tri÷u Ho∏n PhÔ (6,1,1022,0,1) 1(COIN) at Shop[181]
[2023-01-22 10:13:32	] pgaming2(HeMocTest) BUY 1 [6-1-1022-1]Boss Tri÷u Ho∏n PhÔ (6,1,1022,0,1) 1(COIN) at Shop[181]
[2023-01-22 10:13:32	] pgaming2(HeMocTest) BUY 1 [6-1-1022-1]Boss Tri÷u Ho∏n PhÔ (6,1,1022,0,1) 1(COIN) at Shop[181]
[2023-01-22 10:13:32	] pgaming2(HeMocTest) BUY 1 [6-1-1022-1]Boss Tri÷u Ho∏n PhÔ (6,1,1022,0,1) 1(COIN) at Shop[181]
[2023-01-22 10:13:32	] pgaming2(HeMocTest) BUY 1 [6-1-1022-1]Boss Tri÷u Ho∏n PhÔ (6,1,1022,0,1) 1(COIN) at Shop[181]
[2023-01-22 10:13:32	] pgaming2(HeMocTest) BUY 1 [6-1-1022-1]Boss Tri÷u Ho∏n PhÔ (6,1,1022,0,1) 1(COIN) at Shop[181]
[2023-01-22 10:13:32	] pgaming2(HeMocTest) BUY 1 [6-1-1022-1]Boss Tri÷u Ho∏n PhÔ (6,1,1022,0,1) 1(COIN) at Shop[181]
[2023-01-22 10:13:32	] pgaming2(HeMocTest) BUY 1 [6-1-1022-1]Boss Tri÷u Ho∏n PhÔ (6,1,1022,0,1) 1(COIN) at Shop[181]
[2023-01-22 10:13:32	] pgaming2(HeMocTest) BUY 1 [6-1-1022-1]Boss Tri÷u Ho∏n PhÔ (6,1,1022,0,1) 1(COIN) at Shop[181]
[2023-01-22 10:13:32	] pgaming2(HeMocTest) BUY 1 [6-1-1022-1]Boss Tri÷u Ho∏n PhÔ (6,1,1022,0,1) 1(COIN) at Shop[181]
[2023-01-22 10:13:32	] pgaming2(HeMocTest) BUY 1 [6-1-1022-1]Boss Tri÷u Ho∏n PhÔ (6,1,1022,0,1) 1(COIN) at Shop[181]
[2023-01-22 10:13:32	] pgaming2(HeMocTest) BUY 1 [6-1-1022-1]Boss Tri÷u Ho∏n PhÔ (6,1,1022,0,1) 1(COIN) at Shop[181]
[2023-01-22 10:13:32	] pgaming2(HeMocTest) BUY 1 [6-1-1022-1]Boss Tri÷u Ho∏n PhÔ (6,1,1022,0,1) 1(COIN) at Shop[181]
[2023-01-22 10:13:32	] pgaming2(HeMocTest) BUY 1 [6-1-1022-1]Boss Tri÷u Ho∏n PhÔ (6,1,1022,0,1) 1(COIN) at Shop[181]
[2023-01-22 10:13:32	] pgaming2(HeMocTest) BUY 1 [6-1-1022-1]Boss Tri÷u Ho∏n PhÔ (6,1,1022,0,1) 1(COIN) at Shop[181]
[2023-01-22 10:13:33	] pgaming2(HeMocTest) BUY 1 [6-1-1022-1]Boss Tri÷u Ho∏n PhÔ (6,1,1022,0,1) 1(COIN) at Shop[181]
[2023-01-22 10:13:33	] pgaming2(HeMocTest) BUY 1 [6-1-1022-1]Boss Tri÷u Ho∏n PhÔ (6,1,1022,0,1) 1(COIN) at Shop[181]
[2023-01-22 10:13:33	] pgaming2(HeMocTest) BUY 1 [6-1-1022-1]Boss Tri÷u Ho∏n PhÔ (6,1,1022,0,1) 1(COIN) at Shop[181]
[2023-01-22 10:13:33	] pgaming2(HeMocTest) BUY 1 [6-1-1022-1]Boss Tri÷u Ho∏n PhÔ (6,1,1022,0,1) 1(COIN) at Shop[181]
[2023-01-22 10:13:33	] pgaming2(HeMocTest) BUY 1 [6-1-1022-1]Boss Tri÷u Ho∏n PhÔ (6,1,1022,0,1) 1(COIN) at Shop[181]
[2023-01-22 10:13:33	] pgaming2(HeMocTest) BUY 1 [6-1-1022-1]Boss Tri÷u Ho∏n PhÔ (6,1,1022,0,1) 1(COIN) at Shop[181]
[2023-01-22 10:13:33	] pgaming2(HeMocTest) BUY 1 [6-1-1022-1]Boss Tri÷u Ho∏n PhÔ (6,1,1022,0,1) 1(COIN) at Shop[181]
[2023-01-22 10:13:33	] pgaming2(HeMocTest) BUY 1 [6-1-1022-1]Boss Tri÷u Ho∏n PhÔ (6,1,1022,0,1) 1(COIN) at Shop[181]
[2023-01-22 10:13:33	] pgaming2(HeMocTest) BUY 1 [6-1-1022-1]Boss Tri÷u Ho∏n PhÔ (6,1,1022,0,1) 1(COIN) at Shop[181]
[2023-01-22 10:13:33	] pgaming2(HeMocTest) BUY 1 [6-1-1022-1]Boss Tri÷u Ho∏n PhÔ (6,1,1022,0,1) 1(COIN) at Shop[181]
[2023-01-22 10:13:33	] pgaming2(HeMocTest) BUY 1 [6-1-1022-1]Boss Tri÷u Ho∏n PhÔ (6,1,1022,0,1) 1(COIN) at Shop[181]
[2023-01-22 10:13:33	] pgaming2(HeMocTest) BUY 1 [6-1-1022-1]Boss Tri÷u Ho∏n PhÔ (6,1,1022,0,1) 1(COIN) at Shop[181]
[2023-01-22 10:13:33	] pgaming2(HeMocTest) BUY 1 [6-1-1022-1]Boss Tri÷u Ho∏n PhÔ (6,1,1022,0,1) 1(COIN) at Shop[181]
[2023-01-22 10:13:33	] pgaming2(HeMocTest) BUY 1 [6-1-1022-1]Boss Tri÷u Ho∏n PhÔ (6,1,1022,0,1) 1(COIN) at Shop[181]
[2023-01-22 10:13:33	] pgaming2(HeMocTest) BUY 1 [6-1-1022-1]Boss Tri÷u Ho∏n PhÔ (6,1,1022,0,1) 1(COIN) at Shop[181]
[2023-01-22 10:13:33	] pgaming2(HeMocTest) BUY 1 [6-1-1022-1]Boss Tri÷u Ho∏n PhÔ (6,1,1022,0,1) 1(COIN) at Shop[181]
[2023-01-22 10:13:34	] pgaming2(HeMocTest) BUY 1 [6-1-1022-1]Boss Tri÷u Ho∏n PhÔ (6,1,1022,0,1) 1(COIN) at Shop[181]
[2023-01-22 10:13:34	] pgaming2(HeMocTest) BUY 1 [6-1-1022-1]Boss Tri÷u Ho∏n PhÔ (6,1,1022,0,1) 1(COIN) at Shop[181]
[2023-01-22 10:13:34	] pgaming2(HeMocTest) BUY 1 [6-1-1022-1]Boss Tri÷u Ho∏n PhÔ (6,1,1022,0,1) 1(COIN) at Shop[181]
[2023-01-22 10:13:34	] pgaming2(HeMocTest) BUY 1 [6-1-1022-1]Boss Tri÷u Ho∏n PhÔ (6,1,1022,0,1) 1(COIN) at Shop[181]
[2023-01-22 10:13:34	] pgaming2(HeMocTest) BUY 1 [6-1-1022-1]Boss Tri÷u Ho∏n PhÔ (6,1,1022,0,1) 1(COIN) at Shop[181]
[2023-01-22 10:13:34	] pgaming2(HeMocTest) BUY 1 [6-1-1022-1]Boss Tri÷u Ho∏n PhÔ (6,1,1022,0,1) 1(COIN) at Shop[181]
[2023-01-22 10:13:34	] pgaming2(HeMocTest) BUY 1 [6-1-1022-1]Boss Tri÷u Ho∏n PhÔ (6,1,1022,0,1) 1(COIN) at Shop[181]
[2023-01-22 10:13:34	] pgaming2(HeMocTest) BUY 1 [6-1-1022-1]Boss Tri÷u Ho∏n PhÔ (6,1,1022,0,1) 1(COIN) at Shop[181]
[2023-01-22 10:13:34	] pgaming2(HeMocTest) BUY 1 [6-1-1022-1]Boss Tri÷u Ho∏n PhÔ (6,1,1022,0,1) 1(COIN) at Shop[181]
[2023-01-22 10:13:34	] pgaming2(HeMocTest) BUY 1 [6-1-1022-1]Boss Tri÷u Ho∏n PhÔ (6,1,1022,0,1) 1(COIN) at Shop[181]
[2023-01-22 10:13:34	] pgaming2(HeMocTest) BUY 1 [6-1-1022-1]Boss Tri÷u Ho∏n PhÔ (6,1,1022,0,1) 1(COIN) at Shop[181]
[2023-01-22 10:13:34	] pgaming2(HeMocTest) BUY 1 [6-1-1022-1]Boss Tri÷u Ho∏n PhÔ (6,1,1022,0,1) 1(COIN) at Shop[181]
[2023-01-22 10:13:34	] pgaming2(HeMocTest) BUY 1 [6-1-1022-1]Boss Tri÷u Ho∏n PhÔ (6,1,1022,0,1) 1(COIN) at Shop[181]
[2023-01-22 10:13:34	] pgaming2(HeMocTest) BUY 1 [6-1-1022-1]Boss Tri÷u Ho∏n PhÔ (6,1,1022,0,1) 1(COIN) at Shop[181]
[2023-01-22 10:13:35	] pgaming2(HeMocTest) BUY 1 [6-1-1022-1]Boss Tri÷u Ho∏n PhÔ (6,1,1022,0,1) 1(COIN) at Shop[181]
[2023-01-22 10:13:35	] pgaming2(HeMocTest) BUY 1 [6-1-1022-1]Boss Tri÷u Ho∏n PhÔ (6,1,1022,0,1) 1(COIN) at Shop[181]
[2023-01-22 10:13:35	] pgaming2(HeMocTest) BUY 1 [6-1-1022-1]Boss Tri÷u Ho∏n PhÔ (6,1,1022,0,1) 1(COIN) at Shop[181]
[2023-01-22 10:13:35	] pgaming2(HeMocTest) BUY 1 [6-1-1022-1]Boss Tri÷u Ho∏n PhÔ (6,1,1022,0,1) 1(COIN) at Shop[181]
[2023-01-22 10:13:35	] pgaming2(HeMocTest) BUY 1 [6-1-1022-1]Boss Tri÷u Ho∏n PhÔ (6,1,1022,0,1) 1(COIN) at Shop[181]
[2023-01-22 10:17:17	] pgaming2(HeMocTest) BUY 1 [4-489-1-1]L÷nh bµi Phong L®ng ßÈ(4,489,1,0,1) 1(COIN) at Shop[142]
[2023-01-22 19:40:04	] pgaming2(HeMocTest) BUY 1 [6-1-2432-1]L÷nh bµi Vi S¨n Æ∂o(6,1,2432,0,1) 1(COIN) at Shop[142]
[2023-01-22 19:49:39	] pgaming2(HeMocTest) BUY 1 [6-1-147-3]Huy“n Tinh Kho∏ng Thπch (6,1,147,0,3) 2(COIN) at Shop[141]
[2023-01-22 19:49:41	] pgaming2(HeMocTest) BUY 1 [6-1-398-1]Th«n b› kho∏ng thπch(6,1,398,0,1) 5(COIN) at Shop[141]
[2023-01-22 19:55:01	] pgaming2(HeMocTest) BUY 1 [6-1-398-1]Th«n b› kho∏ng thπch(6,1,398,0,1) 5(COIN) at Shop[141]
[2023-01-22 19:55:01	] pgaming2(HeMocTest) BUY 1 [6-1-398-1]Th«n b› kho∏ng thπch(6,1,398,0,1) 5(COIN) at Shop[141]
[2023-01-22 19:55:01	] pgaming2(HeMocTest) BUY 1 [6-1-398-1]Th«n b› kho∏ng thπch(6,1,398,0,1) 5(COIN) at Shop[141]
[2023-01-22 19:55:01	] pgaming2(HeMocTest) BUY 1 [6-1-398-1]Th«n b› kho∏ng thπch(6,1,398,0,1) 5(COIN) at Shop[141]
[2023-01-22 19:55:01	] pgaming2(HeMocTest) BUY 1 [6-1-398-1]Th«n b› kho∏ng thπch(6,1,398,0,1) 5(COIN) at Shop[141]
[2023-01-22 19:55:01	] pgaming2(HeMocTest) BUY 1 [6-1-398-1]Th«n b› kho∏ng thπch(6,1,398,0,1) 5(COIN) at Shop[141]
[2023-01-22 19:55:04	] pgaming2(HeMocTest) BUY 1 [6-1-147-1]Huy“n Tinh Kho∏ng Thπch (6,1,147,0,1) 2(COIN) at Shop[141]
[2023-01-22 19:59:02	] pgaming2(HeMocTest) BUY 1 [6-1-398-1]Th«n b› kho∏ng thπch(6,1,398,0,1) 5(COIN) at Shop[141]
[2023-01-22 19:59:02	] pgaming2(HeMocTest) BUY 1 [6-1-398-1]Th«n b› kho∏ng thπch(6,1,398,0,1) 5(COIN) at Shop[141]
[2023-01-22 19:59:02	] pgaming2(HeMocTest) BUY 1 [6-1-398-1]Th«n b› kho∏ng thπch(6,1,398,0,1) 5(COIN) at Shop[141]
[2023-01-22 19:59:02	] pgaming2(HeMocTest) BUY 1 [6-1-398-1]Th«n b› kho∏ng thπch(6,1,398,0,1) 5(COIN) at Shop[141]
[2023-01-22 19:59:02	] pgaming2(HeMocTest) BUY 1 [6-1-398-1]Th«n b› kho∏ng thπch(6,1,398,0,1) 5(COIN) at Shop[141]
[2023-01-22 19:59:05	] pgaming2(HeMocTest) BUY 1 [6-1-147-1]Huy“n Tinh Kho∏ng Thπch (6,1,147,0,1) 2(COIN) at Shop[141]
[2023-01-22 19:59:05	] pgaming2(HeMocTest) BUY 1 [6-1-147-1]Huy“n Tinh Kho∏ng Thπch (6,1,147,0,1) 2(COIN) at Shop[141]
[2023-01-22 19:59:05	] pgaming2(HeMocTest) BUY 1 [6-1-147-1]Huy“n Tinh Kho∏ng Thπch (6,1,147,0,1) 2(COIN) at Shop[141]
[2023-01-22 19:59:05	] pgaming2(HeMocTest) BUY 1 [6-1-147-1]Huy“n Tinh Kho∏ng Thπch (6,1,147,0,1) 2(COIN) at Shop[141]
[2023-01-22 20:02:37	] pgaming2(HeMocTest) BUY 1 [6-1-398-1]Th«n b› kho∏ng thπch(6,1,398,0,1) 5(COIN) at Shop[141]
[2023-01-22 20:02:37	] pgaming2(HeMocTest) BUY 1 [6-1-398-1]Th«n b› kho∏ng thπch(6,1,398,0,1) 5(COIN) at Shop[141]
[2023-01-22 20:02:37	] pgaming2(HeMocTest) BUY 1 [6-1-398-1]Th«n b› kho∏ng thπch(6,1,398,0,1) 5(COIN) at Shop[141]
[2023-01-22 20:02:37	] pgaming2(HeMocTest) BUY 1 [6-1-398-1]Th«n b› kho∏ng thπch(6,1,398,0,1) 5(COIN) at Shop[141]
[2023-01-22 20:02:37	] pgaming2(HeMocTest) BUY 1 [6-1-398-1]Th«n b› kho∏ng thπch(6,1,398,0,1) 5(COIN) at Shop[141]
