[2023-01-20 19:34:25	] pgaming(ThuyYen) BUY 1 [6-0-1017-1]Hoa(6,0,1017,0,1) 1(COIN) at Shop[139]
[2023-01-20 19:34:26	] pgaming(ThuyYen) BUY 1 [6-0-1017-1]Hoa(6,0,1017,0,1) 1(COIN) at Shop[139]
[2023-01-20 19:34:26	] pgaming(ThuyYen) BUY 1 [6-0-1017-1]Hoa(6,0,1017,0,1) 1(COIN) at Shop[139]
[2023-01-20 19:34:26	] pgaming(ThuyYen) BUY 1 [6-0-1017-1]Hoa(6,0,1017,0,1) 1(COIN) at Shop[139]
[2023-01-20 19:34:26	] pgaming(ThuyYen) BUY 1 [6-0-1017-1]Hoa(6,0,1017,0,1) 1(COIN) at Shop[139]
[2023-01-20 19:34:26	] pgaming(ThuyYen) BUY 1 [6-0-1017-1]Hoa(6,0,1017,0,1) 1(COIN) at Shop[139]
[2023-01-20 19:34:26	] pgaming(ThuyYen) BUY 1 [6-0-1017-1]Hoa(6,0,1017,0,1) 1(COIN) at Shop[139]
[2023-01-20 19:39:00	] pgaming(ThuyYen) BUY 1 [6-1-1181-1]Ti™n Th∂o LÈ Æ∆c bi÷t(6,1,1181,0,1) 5(COIN) at Shop[139]
[2023-01-20 19:39:00	] pgaming(ThuyYen) BUY 1 [6-1-1181-1]Ti™n Th∂o LÈ Æ∆c bi÷t(6,1,1181,0,1) 5(COIN) at Shop[139]
[2023-01-20 19:39:22	] pgaming(ThuyYen) BUY 1 [6-1-2527-1E24]HÂi thi™n t∏i tπo l‘ bao(6,1,2527,0,1) 1(COIN) at Shop[139]
[2023-01-20 19:47:45	] pgaming(ThuyYen) SEL 1 Di÷u D≠¨ng B›ch H∂i H≠¨ng Nang(0,9,0,3,10) 24999(MONEY) at Shop[68]
[2023-01-20 19:47:45	] pgaming(ThuyYen) SEL 1 Di÷u D≠¨ng B›ch H∂i Tr©m(0,7,9,2,10) 24999(MONEY) at Shop[68]
[2023-01-20 19:47:47	] pgaming(ThuyYen) SEL 1 Di÷u D≠¨ng B›ch H∂i Ch©u Li™n(0,4,0,0,10) 24999(MONEY) at Shop[68]
[2023-01-20 19:47:47	] pgaming(ThuyYen) SEL 1 Di÷u D≠¨ng B›ch H∂i Th∏i ßi÷p Y(0,2,9,0,10) 24999(MONEY) at Shop[68]
[2023-01-20 19:47:48	] pgaming(ThuyYen) SEL 1 Di÷u D≠¨ng B›ch H∂i Ti ß∏i(0,6,0,4,10) 24999(MONEY) at Shop[68]
[2023-01-20 19:47:49	] pgaming(ThuyYen) SEL 1 Di÷u D≠¨ng B›ch H∂i Sinh Hoa ThÒ Trπc(0,8,0,3,10) 24999(MONEY) at Shop[68]
[2023-01-20 19:47:49	] pgaming(ThuyYen) SEL 1 Di÷u D≠¨ng B›ch H∂i Linh Lung Chÿ Hoµn(0,3,0,1,10) 24999(MONEY) at Shop[68]
[2023-01-20 19:47:50	] pgaming(ThuyYen) SEL 1 Di÷u D≠¨ng B›ch H∂i San H´ Chÿ Hoµn(0,3,0,4,10) 24999(MONEY) at Shop[68]
[2023-01-20 19:57:44	] pgaming(ThuyYen) SEL 1 X›ch L©n PhÔ Dung Sam(0,2,9,0,10) 24999(MONEY) at Shop[66]
[2023-01-20 19:57:45	] pgaming(ThuyYen) SEL 1 X›ch L©n PhÔ Dung Y™u ß∏i(0,6,0,4,10) 24999(MONEY) at Shop[66]
[2023-01-20 19:57:45	] pgaming(ThuyYen) SEL 1 Di÷u D≠¨ng B›ch H∂i Uy™n ¶¨ng ßao(0,0,5,2,10) 24999(MONEY) at Shop[66]
[2023-01-20 19:57:45	] pgaming(ThuyYen) SEL 1 X›ch L©n PhÔ Dung Ngoa(0,5,3,1,10) 24999(MONEY) at Shop[66]
[2023-01-20 19:57:45	] pgaming(ThuyYen) SEL 1 Di÷u D≠¨ng B›ch H∂i Ngoa(0,5,3,1,10) 24999(MONEY) at Shop[66]
[2023-01-20 19:57:46	] pgaming(ThuyYen) SEL 1 X›ch L©n PhÔ Dung Tr©m(0,7,9,2,10) 24999(MONEY) at Shop[66]
[2023-01-20 19:57:47	] pgaming(ThuyYen) SEL 1 X›ch L©n PhÔ Dung Ch©u Li™n(0,4,0,0,10) 24999(MONEY) at Shop[66]
[2023-01-20 19:57:48	] pgaming(ThuyYen) SEL 1 X›ch L©n PhÔ Dung Hπ GiÌi(0,3,0,4,10) 24999(MONEY) at Shop[66]
[2023-01-20 19:57:48	] pgaming(ThuyYen) SEL 1 X›ch L©n PhÔ Dung #Nh…n(0,0,5,2,10) 24999(MONEY) at Shop[66]
[2023-01-20 19:57:49	] pgaming(ThuyYen) SEL 1 X›ch L©n PhÔ Dung TÙ(0,8,0,3,10) 24999(MONEY) at Shop[66]
[2023-01-20 19:57:50	] pgaming(ThuyYen) SEL 1 X›ch L©n PhÔ Dung H≠¨ng Nang(0,9,0,3,10) 24999(MONEY) at Shop[66]
[2023-01-20 19:57:52	] pgaming(ThuyYen) SEL 1 X›ch L©n PhÔ Dung Th≠Óng GiÌi(0,3,0,1,10) 24999(MONEY) at Shop[66]
[2023-01-20 19:58:28	] pgaming(ThuyYen) SEL 1 Kim Tinh Bπch HÊ V≠¨ng(0,10,16,0,10) 125000(MONEY) at Shop[66]
[2023-01-20 19:58:28	] pgaming(ThuyYen) SEL 1 Phong V©n Bπch M∑(0,10,19,0,10) 24999(MONEY) at Shop[66]
[2023-01-20 19:58:28	] pgaming(ThuyYen) SEL 1 Phong V©n Chi’n M∑(0,10,20,0,10) 24999(MONEY) at Shop[66]
[2023-01-20 19:58:29	] pgaming(ThuyYen) SEL 1 H∑n Huy’t Long C©u(0,10,18,0,10) 125000(MONEY) at Shop[66]
[2023-01-20 19:58:30	] pgaming(ThuyYen) SEL 1 Long Tinh Hæc HÊ V≠¨ng(0,10,17,0,10) 125000(MONEY) at Shop[66]
[2023-01-20 19:58:44	] pgaming(ThuyYen) SEL 1 Phi™n VÚ (0,10,7,0,10) 62500(MONEY) at Shop[66]
[2023-01-20 19:58:44	] pgaming(ThuyYen) SEL 1 B´n Ti™u(0,10,6,0,10) 62500(MONEY) at Shop[66]
[2023-01-20 19:58:45	] pgaming(ThuyYen) SEL 1 X›ch Long C©u(0,10,9,0,10) 62500(MONEY) at Shop[66]
[2023-01-20 19:58:45	] pgaming(ThuyYen) SEL 1 Phi V©n(0,10,8,0,10) 12500(MONEY) at Shop[66]
[2023-01-20 19:58:45	] pgaming(ThuyYen) SEL 1 Tuy÷t ßﬁa(0,10,10,0,10) 62500(MONEY) at Shop[66]
[2023-01-20 19:59:59	] pgaming(ThuyYen) SEL 1 Tuy’t V˘c Chi’n Lang(0,10,36,5,10) 24999(MONEY) at Shop[67]
[2023-01-20 20:00:00	] pgaming(ThuyYen) SEL 1 Si™u Quang(0,10,13,5,10) 24999(MONEY) at Shop[67]
[2023-01-20 20:00:01	] pgaming(ThuyYen) SEL 1 Kinh L´i(0,10,34,5,10) 24999(MONEY) at Shop[67]
[2023-01-20 20:00:02	] pgaming(ThuyYen) SEL 1 H∑n Huy’t Long C©u(0,10,18,5,10) 24999(MONEY) at Shop[67]
[2023-01-20 20:00:02	] pgaming(ThuyYen) SEL 1 M∆c VÚ Ti™n L≠(0,10,34,5,10) 24999(MONEY) at Shop[67]
[2023-01-20 20:29:49	] pgaming(VooDang2) BUY 1 [6-1-2527-1E24]HÂi thi™n t∏i tπo l‘ bao(6,1,2527,0,1) 1(COIN) at Shop[139]
[2023-01-20 20:29:52	] pgaming(VooDang2) BUY 1 [6-1-1181-1]Ti™n Th∂o LÈ Æ∆c bi÷t(6,1,1181,0,1) 5(COIN) at Shop[139]
[2023-01-20 20:29:58	] pgaming(VooDang2) BUY 1 [6-1-2219-1]Cµn Kh´n Song Tuy÷t BÈi(6,1,2219,0,1) 200(COIN) at Shop[139]
[2023-01-20 20:30:52	] pgaming(VooDang2) BUY 1 [0-11-817E168]M∆t nπ chi’n tr≠Íng Hoµng Gi∂(0,11,817,0,1) 1500(COIN) at Shop[145]
[2023-01-20 20:32:24	] pgaming(VooDang2) SEL 1 L®ng Nhπc NÈ L´i GiÌi(0,3,0,1,10) 12499(MONEY) at Shop[38]
[2023-01-20 20:32:25	] pgaming(VooDang2) SEL 1 L®ng Nhπc V´ Ng∑ Æπo bµo(0,2,15,3,10) 12499(MONEY) at Shop[38]
[2023-01-20 20:32:25	] pgaming(VooDang2) SEL 1 L®ng Nhπc Th∏i C˘c Ki’m(0,0,0,4,10) 12499(MONEY) at Shop[38]
[2023-01-20 20:32:25	] pgaming(VooDang2) SEL 1 L®ng Nhπc V´ C˘c Huy“n Ng‰c BÈi(0,9,1,2,10) 12499(MONEY) at Shop[38]
[2023-01-20 20:32:26	] pgaming(VooDang2) SEL 1 L®ng Nhπc Thi™n ßﬁa Huy“n Hoµng giÌi(0,3,0,0,10) 12499(MONEY) at Shop[38]
[2023-01-20 20:34:52	] pgaming(VooDang2) SEL 1 Si™u Quang(0,10,13,5,10) 24999(MONEY) at Shop[38]
[2023-01-20 20:34:52	] pgaming(VooDang2) SEL 1 H∑n Huy’t Long C©u(0,10,18,5,10) 24999(MONEY) at Shop[38]
[2023-01-20 20:35:12	] pgaming(VooDang2) SEL 1 Kinh L´i(0,10,34,5,10) 24999(MONEY) at Shop[38]
[2023-01-20 20:35:13	] pgaming(VooDang2) SEL 1 M∆c VÚ Ti™n L≠(0,10,34,5,10) 24999(MONEY) at Shop[38]
[2023-01-20 20:35:13	] pgaming(VooDang2) SEL 1 Tuy’t V˘c Chi’n Lang(0,10,36,5,10) 24999(MONEY) at Shop[38]
[2023-01-20 20:38:26	] pgaming(VooDang2) BUY 1 [4-979-1-1]Kim T™(4,979,1,0,1) 4(COIN) at Shop[141]
[2023-01-20 20:38:26	] pgaming(VooDang2) BUY 1 [4-979-1-1]Kim T™(4,979,1,0,1) 4(COIN) at Shop[141]
[2023-01-20 20:38:26	] pgaming(VooDang2) BUY 1 [4-979-1-1]Kim T™(4,979,1,0,1) 4(COIN) at Shop[141]
[2023-01-20 20:38:26	] pgaming(VooDang2) BUY 1 [4-979-1-1]Kim T™(4,979,1,0,1) 4(COIN) at Shop[141]
[2023-01-20 20:38:26	] pgaming(VooDang2) BUY 1 [4-979-1-1]Kim T™(4,979,1,0,1) 4(COIN) at Shop[141]
[2023-01-20 20:38:26	] pgaming(VooDang2) BUY 1 [4-979-1-1]Kim T™(4,979,1,0,1) 4(COIN) at Shop[141]
[2023-01-20 20:38:26	] pgaming(VooDang2) BUY 1 [4-979-1-1]Kim T™(4,979,1,0,1) 4(COIN) at Shop[141]
[2023-01-20 20:38:26	] pgaming(VooDang2) BUY 1 [4-979-1-1]Kim T™(4,979,1,0,1) 4(COIN) at Shop[141]
[2023-01-20 20:38:26	] pgaming(VooDang2) BUY 1 [4-979-1-1]Kim T™(4,979,1,0,1) 4(COIN) at Shop[141]
[2023-01-20 20:38:26	] pgaming(VooDang2) BUY 1 [4-979-1-1]Kim T™(4,979,1,0,1) 4(COIN) at Shop[141]
[2023-01-20 20:38:26	] pgaming(VooDang2) BUY 1 [4-979-1-1]Kim T™(4,979,1,0,1) 4(COIN) at Shop[141]
[2023-01-20 20:38:31	] pgaming(VooDang2) BUY 1 [6-1-398-1]Th«n b› kho∏ng thπch(6,1,398,0,1) 5(COIN) at Shop[141]
[2023-01-20 20:38:31	] pgaming(VooDang2) BUY 1 [6-1-398-1]Th«n b› kho∏ng thπch(6,1,398,0,1) 5(COIN) at Shop[141]
[2023-01-20 20:38:31	] pgaming(VooDang2) BUY 1 [6-1-398-1]Th«n b› kho∏ng thπch(6,1,398,0,1) 5(COIN) at Shop[141]
[2023-01-20 20:38:31	] pgaming(VooDang2) BUY 1 [6-1-398-1]Th«n b› kho∏ng thπch(6,1,398,0,1) 5(COIN) at Shop[141]
[2023-01-20 20:43:02	] pgaming(VooDang2) BUY 1 [6-1-398-1]Th«n b› kho∏ng thπch(6,1,398,0,1) 5(COIN) at Shop[141]
[2023-01-20 20:43:02	] pgaming(VooDang2) BUY 1 [6-1-398-1]Th«n b› kho∏ng thπch(6,1,398,0,1) 5(COIN) at Shop[141]
[2023-01-20 20:43:02	] pgaming(VooDang2) BUY 1 [6-1-398-1]Th«n b› kho∏ng thπch(6,1,398,0,1) 5(COIN) at Shop[141]
[2023-01-20 20:43:02	] pgaming(VooDang2) BUY 1 [6-1-398-1]Th«n b› kho∏ng thπch(6,1,398,0,1) 5(COIN) at Shop[141]
[2023-01-20 20:43:02	] pgaming(VooDang2) BUY 1 [6-1-398-1]Th«n b› kho∏ng thπch(6,1,398,0,1) 5(COIN) at Shop[141]
[2023-01-20 20:43:02	] pgaming(VooDang2) BUY 1 [6-1-398-1]Th«n b› kho∏ng thπch(6,1,398,0,1) 5(COIN) at Shop[141]
[2023-01-20 20:43:02	] pgaming(VooDang2) BUY 1 [6-1-398-1]Th«n b› kho∏ng thπch(6,1,398,0,1) 5(COIN) at Shop[141]
[2023-01-20 20:43:03	] pgaming(VooDang2) BUY 1 [6-1-398-1]Th«n b› kho∏ng thπch(6,1,398,0,1) 5(COIN) at Shop[141]
[2023-01-20 20:43:03	] pgaming(VooDang2) BUY 1 [6-1-398-1]Th«n b› kho∏ng thπch(6,1,398,0,1) 5(COIN) at Shop[141]
[2023-01-20 20:43:03	] pgaming(VooDang2) BUY 1 [6-1-398-1]Th«n b› kho∏ng thπch(6,1,398,0,1) 5(COIN) at Shop[141]
[2023-01-20 20:43:03	] pgaming(VooDang2) BUY 1 [6-1-398-1]Th«n b› kho∏ng thπch(6,1,398,0,1) 5(COIN) at Shop[141]
[2023-01-20 20:43:03	] pgaming(VooDang2) BUY 1 [6-1-398-1]Th«n b› kho∏ng thπch(6,1,398,0,1) 5(COIN) at Shop[141]
[2023-01-20 20:43:03	] pgaming(VooDang2) BUY 1 [6-1-398-1]Th«n b› kho∏ng thπch(6,1,398,0,1) 5(COIN) at Shop[141]
[2023-01-20 20:43:03	] pgaming(VooDang2) BUY 1 [6-1-398-1]Th«n b› kho∏ng thπch(6,1,398,0,1) 5(COIN) at Shop[141]
[2023-01-20 20:43:03	] pgaming(VooDang2) BUY 1 [6-1-398-1]Th«n b› kho∏ng thπch(6,1,398,0,1) 5(COIN) at Shop[141]
[2023-01-20 20:43:03	] pgaming(VooDang2) BUY 1 [6-1-398-1]Th«n b› kho∏ng thπch(6,1,398,0,1) 5(COIN) at Shop[141]
[2023-01-20 20:46:00	] pgaming(VooDang2) BUY 1 [6-1-398-1]Th«n b› kho∏ng thπch(6,1,398,0,1) 5(COIN) at Shop[141]
[2023-01-20 20:46:00	] pgaming(VooDang2) BUY 1 [6-1-398-1]Th«n b› kho∏ng thπch(6,1,398,0,1) 5(COIN) at Shop[141]
[2023-01-20 20:46:00	] pgaming(VooDang2) BUY 1 [6-1-398-1]Th«n b› kho∏ng thπch(6,1,398,0,1) 5(COIN) at Shop[141]
[2023-01-20 20:46:00	] pgaming(VooDang2) BUY 1 [6-1-398-1]Th«n b› kho∏ng thπch(6,1,398,0,1) 5(COIN) at Shop[141]
[2023-01-20 20:46:00	] pgaming(VooDang2) BUY 1 [6-1-398-1]Th«n b› kho∏ng thπch(6,1,398,0,1) 5(COIN) at Shop[141]
[2023-01-20 20:46:00	] pgaming(VooDang2) BUY 1 [6-1-398-1]Th«n b› kho∏ng thπch(6,1,398,0,1) 5(COIN) at Shop[141]
[2023-01-20 20:46:00	] pgaming(VooDang2) BUY 1 [6-1-398-1]Th«n b› kho∏ng thπch(6,1,398,0,1) 5(COIN) at Shop[141]
[2023-01-20 20:46:00	] pgaming(VooDang2) BUY 1 [6-1-398-1]Th«n b› kho∏ng thπch(6,1,398,0,1) 5(COIN) at Shop[141]
[2023-01-20 20:46:00	] pgaming(VooDang2) BUY 1 [6-1-398-1]Th«n b› kho∏ng thπch(6,1,398,0,1) 5(COIN) at Shop[141]
[2023-01-20 20:46:00	] pgaming(VooDang2) BUY 1 [6-1-398-1]Th«n b› kho∏ng thπch(6,1,398,0,1) 5(COIN) at Shop[141]
[2023-01-20 20:46:00	] pgaming(VooDang2) BUY 1 [6-1-398-1]Th«n b› kho∏ng thπch(6,1,398,0,1) 5(COIN) at Shop[141]
[2023-01-20 20:46:00	] pgaming(VooDang2) BUY 1 [6-1-398-1]Th«n b› kho∏ng thπch(6,1,398,0,1) 5(COIN) at Shop[141]
[2023-01-20 20:46:00	] pgaming(VooDang2) BUY 1 [6-1-398-1]Th«n b› kho∏ng thπch(6,1,398,0,1) 5(COIN) at Shop[141]
[2023-01-20 20:46:00	] pgaming(VooDang2) BUY 1 [6-1-398-1]Th«n b› kho∏ng thπch(6,1,398,0,1) 5(COIN) at Shop[141]
[2023-01-20 20:46:00	] pgaming(VooDang2) BUY 1 [6-1-398-1]Th«n b› kho∏ng thπch(6,1,398,0,1) 5(COIN) at Shop[141]
[2023-01-20 20:46:01	] pgaming(VooDang2) BUY 1 [6-1-398-1]Th«n b› kho∏ng thπch(6,1,398,0,1) 5(COIN) at Shop[141]
[2023-01-20 20:51:14	] pgaming(VooDang2) SEL 1 CÀp Phong Thanh TÔng Ph∏p giÌi(0,3,0,1,10) 12499(MONEY) at Shop[2]
[2023-01-20 20:51:15	] pgaming(VooDang2) SEL 1 CÀp Phong ThÛy Ng‰c Huy“n Hoµng BÈi(0,9,1,3,10) 12499(MONEY) at Shop[2]
[2023-01-20 20:51:29	] pgaming(VooDang2) BUY 1 [6-1-1022-1]Boss Tri÷u Ho∏n PhÔ (6,1,1022,0,1) 1(COIN) at Shop[181]
[2023-01-20 20:51:29	] pgaming(VooDang2) BUY 1 [6-1-1022-1]Boss Tri÷u Ho∏n PhÔ (6,1,1022,0,1) 1(COIN) at Shop[181]
[2023-01-20 20:51:29	] pgaming(VooDang2) BUY 1 [6-1-1022-1]Boss Tri÷u Ho∏n PhÔ (6,1,1022,0,1) 1(COIN) at Shop[181]
[2023-01-20 20:51:29	] pgaming(VooDang2) BUY 1 [6-1-1022-1]Boss Tri÷u Ho∏n PhÔ (6,1,1022,0,1) 1(COIN) at Shop[181]
[2023-01-20 20:51:29	] pgaming(VooDang2) BUY 1 [6-1-1022-1]Boss Tri÷u Ho∏n PhÔ (6,1,1022,0,1) 1(COIN) at Shop[181]
[2023-01-20 20:51:29	] pgaming(VooDang2) BUY 1 [6-1-1022-1]Boss Tri÷u Ho∏n PhÔ (6,1,1022,0,1) 1(COIN) at Shop[181]
[2023-01-20 20:51:29	] pgaming(VooDang2) BUY 1 [6-1-1022-1]Boss Tri÷u Ho∏n PhÔ (6,1,1022,0,1) 1(COIN) at Shop[181]
[2023-01-20 20:51:29	] pgaming(VooDang2) BUY 1 [6-1-1022-1]Boss Tri÷u Ho∏n PhÔ (6,1,1022,0,1) 1(COIN) at Shop[181]
[2023-01-20 20:51:30	] pgaming(VooDang2) BUY 1 [6-1-1022-1]Boss Tri÷u Ho∏n PhÔ (6,1,1022,0,1) 1(COIN) at Shop[181]
[2023-01-20 20:51:30	] pgaming(VooDang2) BUY 1 [6-1-1022-1]Boss Tri÷u Ho∏n PhÔ (6,1,1022,0,1) 1(COIN) at Shop[181]
[2023-01-20 20:51:30	] pgaming(VooDang2) BUY 1 [6-1-1022-1]Boss Tri÷u Ho∏n PhÔ (6,1,1022,0,1) 1(COIN) at Shop[181]
[2023-01-20 20:51:30	] pgaming(VooDang2) BUY 1 [6-1-1022-1]Boss Tri÷u Ho∏n PhÔ (6,1,1022,0,1) 1(COIN) at Shop[181]
[2023-01-20 20:57:04	] pgaming(VooDang2) BUY 1 [6-1-2527-1E24]HÂi thi™n t∏i tπo l‘ bao(6,1,2527,0,1) 1(COIN) at Shop[139]
[2023-01-20 20:57:04	] pgaming(VooDang2) BUY 1 [6-1-2527-1E24]HÂi thi™n t∏i tπo l‘ bao(6,1,2527,0,1) 1(COIN) at Shop[139]
