2023-01-20 19:29:08	Add pgaming(ThuyYen)
2023-01-20 19:29:08	pgaming(ThuyYen) sync data from bishop
2023-01-20 19:29:08	pgaming(ThuyYen) login
2023-01-20 20:18:16	[ShutdownClient]	Close connection[1] for request.
2023-01-20 20:18:16	pgaming(ThuyYen) logout
2023-01-20 20:18:16	Del pgaming(ThuyYen): quit
2023-01-20 20:19:45	Add pgaming(VoDang)
2023-01-20 20:19:45	pgaming(VoDang) sync data from bishop
2023-01-20 20:19:45	pgaming(VoDang) login
2023-01-20 20:20:56	[ShutdownClient]	Kick Out, ReasonId (7) 2023-01-20 20:20:56	pgaming(VoDang) logout
2023-01-20 20:20:56	Del pgaming(VoDang): quit
2023-01-20 20:21:01	Add pgaming(VoDang)
2023-01-20 20:21:01	pgaming(VoDang) sync data from bishop
2023-01-20 20:21:01	pgaming(VoDang) login
2023-01-20 20:23:56	pgaming(VoDang) logout
2023-01-20 20:23:56	Del pgaming(VoDang): quit
2023-01-20 20:24:11	Add pgaming(VooDang2)
2023-01-20 20:24:11	pgaming(VooDang2) sync data from bishop
2023-01-20 20:24:11	pgaming(VooDang2) login
2023-01-20 20:24:41	[ShutdownClient]	Kick Out, ReasonId (7) 2023-01-20 20:24:41	pgaming(VooDang2) logout
2023-01-20 20:24:41	Del pgaming(VooDang2): quit
2023-01-20 20:24:45	Add pgaming(VooDang2)
2023-01-20 20:24:45	pgaming(VooDang2) sync data from bishop
2023-01-20 20:24:45	pgaming(VooDang2) login
2023-01-20 20:27:58	[ShutdownClient]	Kick Out, ReasonId (7) 2023-01-20 20:27:59	pgaming(VooDang2) logout
2023-01-20 20:27:59	Del pgaming(VooDang2): quit
2023-01-20 20:28:06	Add pgaming(VooDang2)
2023-01-20 20:28:06	pgaming(VooDang2) sync data from bishop
2023-01-20 20:28:06	pgaming(VooDang2) login
2023-01-20 20:58:55	pgaming(VooDang2) logout
2023-01-20 20:58:55	Del pgaming(VooDang2): quit
