[2023-01-24 19:23:10	] pgaming3(KûNiÖm§åTİm) BUY 1 [6-1-2432-1]LÖnh bµi Vi S¬n ®¶o(6,1,2432,0,1) 1(COIN) at Shop[142]
[2023-01-24 19:35:55	] pgaming3(KûNiÖm§åTİm) BUY 1 [6-1-1022-1]Boss TriÖu Ho¸n Phï (6,1,1022,0,1) 1(COIN) at Shop[181]
[2023-01-24 19:35:55	] pgaming3(KûNiÖm§åTİm) BUY 1 [6-1-1022-1]Boss TriÖu Ho¸n Phï (6,1,1022,0,1) 1(COIN) at Shop[181]
[2023-01-24 19:35:55	] pgaming3(KûNiÖm§åTİm) BUY 1 [6-1-1022-1]Boss TriÖu Ho¸n Phï (6,1,1022,0,1) 1(COIN) at Shop[181]
[2023-01-24 19:35:55	] pgaming3(KûNiÖm§åTİm) BUY 1 [6-1-1022-1]Boss TriÖu Ho¸n Phï (6,1,1022,0,1) 1(COIN) at Shop[181]
[2023-01-24 19:35:56	] pgaming3(KûNiÖm§åTİm) BUY 1 [6-1-1022-1]Boss TriÖu Ho¸n Phï (6,1,1022,0,1) 1(COIN) at Shop[181]
[2023-01-24 19:35:56	] pgaming3(KûNiÖm§åTİm) BUY 1 [6-1-1022-1]Boss TriÖu Ho¸n Phï (6,1,1022,0,1) 1(COIN) at Shop[181]
[2023-01-24 19:35:56	] pgaming3(KûNiÖm§åTİm) BUY 1 [6-1-1022-1]Boss TriÖu Ho¸n Phï (6,1,1022,0,1) 1(COIN) at Shop[181]
[2023-01-24 19:35:56	] pgaming3(KûNiÖm§åTİm) BUY 1 [6-1-1022-1]Boss TriÖu Ho¸n Phï (6,1,1022,0,1) 1(COIN) at Shop[181]
[2023-01-24 19:35:56	] pgaming3(KûNiÖm§åTİm) BUY 1 [6-1-1022-1]Boss TriÖu Ho¸n Phï (6,1,1022,0,1) 1(COIN) at Shop[181]
[2023-01-24 19:35:56	] pgaming3(KûNiÖm§åTİm) BUY 1 [6-1-1022-1]Boss TriÖu Ho¸n Phï (6,1,1022,0,1) 1(COIN) at Shop[181]
[2023-01-24 19:35:56	] pgaming3(KûNiÖm§åTİm) BUY 1 [6-1-1022-1]Boss TriÖu Ho¸n Phï (6,1,1022,0,1) 1(COIN) at Shop[181]
[2023-01-24 19:35:56	] pgaming3(KûNiÖm§åTİm) BUY 1 [6-1-1022-1]Boss TriÖu Ho¸n Phï (6,1,1022,0,1) 1(COIN) at Shop[181]
[2023-01-24 19:35:56	] pgaming3(KûNiÖm§åTİm) BUY 1 [6-1-1022-1]Boss TriÖu Ho¸n Phï (6,1,1022,0,1) 1(COIN) at Shop[181]
[2023-01-24 19:35:56	] pgaming3(KûNiÖm§åTİm) BUY 1 [6-1-1022-1]Boss TriÖu Ho¸n Phï (6,1,1022,0,1) 1(COIN) at Shop[181]
[2023-01-24 19:35:56	] pgaming3(KûNiÖm§åTİm) BUY 1 [6-1-1022-1]Boss TriÖu Ho¸n Phï (6,1,1022,0,1) 1(COIN) at Shop[181]
[2023-01-24 19:37:25	] pgaming3(KûNiÖm§åTİm) SEL 1 DiÖu D­¬ng Minh ¶o Yªu Trôy(0,9,1,3,10) 24999(MONEY) at Shop[39]
[2023-01-24 19:37:26	] pgaming3(KûNiÖm§åTİm) SEL 1 DiÖu D­¬ng Minh ¶o Hé UyÓn(0,8,1,3,10) 24999(MONEY) at Shop[39]
[2023-01-24 19:37:26	] pgaming3(KûNiÖm§åTİm) SEL 1 DiÖu D­¬ng Minh ¶o Yªu §íi(0,6,1,4,10) 24999(MONEY) at Shop[39]
[2023-01-24 19:37:26	] pgaming3(KûNiÖm§åTİm) SEL 1 DiÖu D­¬ng Minh ¶o Ph¸t §¸i(0,7,2,2,10) 24999(MONEY) at Shop[39]
[2023-01-24 19:37:27	] pgaming3(KûNiÖm§åTİm) SEL 1 DiÖu D­¬ng Minh ¶o H¹ng Liªn(0,4,1,0,10) 24999(MONEY) at Shop[39]
[2023-01-24 19:37:27	] pgaming3(KûNiÖm§åTİm) SEL 1 DiÖu D­¬ng Minh ¶o Hé Gi¸p(0,2,2,0,10) 24999(MONEY) at Shop[39]
[2023-01-24 19:37:28	] pgaming3(KûNiÖm§åTİm) SEL 1 DiÖu D­¬ng Minh ¶o HuyÒn U Giíi(0,3,0,4,10) 24999(MONEY) at Shop[39]
[2023-01-24 19:37:29	] pgaming3(KûNiÖm§åTİm) SEL 1 DiÖu D­¬ng Minh ¶o HuyÒn ¢m Giíi(0,3,0,1,10) 24999(MONEY) at Shop[39]
[2023-01-24 19:37:29	] pgaming3(KûNiÖm§åTİm) SEL 1 DiÖu D­¬ng Minh ¶o Ngoa(0,5,1,1,10) 24999(MONEY) at Shop[39]
[2023-01-24 19:37:55	] pgaming3(KûNiÖm§åTİm) SEL 1 DiÖu D­¬ng Minh ¶o H¹ng Liªn(0,4,1,0,10) 24999(MONEY) at Shop[39]
[2023-01-24 19:37:55	] pgaming3(KûNiÖm§åTİm) SEL 1 DiÖu D­¬ng Minh ¶o Hé Gi¸p(0,2,2,0,10) 24999(MONEY) at Shop[39]
[2023-01-24 19:37:56	] pgaming3(KûNiÖm§åTİm) SEL 1 DiÖu D­¬ng Minh ¶o Ph¸t §¸i(0,7,2,2,10) 24999(MONEY) at Shop[39]
[2023-01-24 19:37:56	] pgaming3(KûNiÖm§åTİm) SEL 1 DiÖu D­¬ng Minh ¶o Yªu Trôy(0,9,1,3,10) 24999(MONEY) at Shop[39]
[2023-01-24 19:37:56	] pgaming3(KûNiÖm§åTİm) SEL 1 DiÖu D­¬ng Minh ¶o HuyÕt NhËn(0,0,1,2,10) 24999(MONEY) at Shop[39]
[2023-01-24 19:37:57	] pgaming3(KûNiÖm§åTİm) SEL 1 DiÖu D­¬ng Minh ¶o Hé UyÓn(0,8,1,3,10) 24999(MONEY) at Shop[39]
[2023-01-24 19:37:57	] pgaming3(KûNiÖm§åTİm) SEL 1 DiÖu D­¬ng Minh ¶o Yªu §íi(0,6,1,4,10) 24999(MONEY) at Shop[39]
[2023-01-24 19:37:58	] pgaming3(KûNiÖm§åTİm) SEL 1 DiÖu D­¬ng Minh ¶o HuyÒn U Giíi(0,3,0,4,10) 24999(MONEY) at Shop[39]
[2023-01-24 19:37:58	] pgaming3(KûNiÖm§åTİm) SEL 1 DiÖu D­¬ng Minh ¶o HuyÒn ¢m Giíi(0,3,0,1,10) 24999(MONEY) at Shop[39]
[2023-01-24 19:37:59	] pgaming3(KûNiÖm§åTİm) SEL 1 DiÖu D­¬ng Minh ¶o Ngoa(0,5,1,1,10) 24999(MONEY) at Shop[39]
