2023-01-25 10:06:14	Add pgaming3(KûNiÖm§åTİm)
2023-01-25 10:06:14	pgaming3(KûNiÖm§åTİm) sync data from bishop
2023-01-25 10:06:14	pgaming3(KûNiÖm§åTİm) login
2023-01-25 10:06:21	[ShutdownClient]	Close connection[1] for request.
2023-01-25 10:06:21	pgaming3(KûNiÖm§åTİm) logout
2023-01-25 10:06:21	Del pgaming3(KûNiÖm§åTİm): quit
2023-01-25 10:07:05	Add pgaming3(HoµngKimKûNiÖm)
2023-01-25 10:07:05	pgaming3(HoµngKimKûNiÖm) sync data from bishop
2023-01-25 10:07:05	pgaming3(HoµngKimKûNiÖm) login
2023-01-25 10:08:11	[ShutdownClient]	Kick Out, ReasonId (7) 2023-01-25 10:08:11	pgaming3(HoµngKimKûNiÖm) logout
2023-01-25 10:08:11	Del pgaming3(HoµngKimKûNiÖm): quit
2023-01-25 10:08:14	Add pgaming3(HoµngKimKûNiÖm)
2023-01-25 10:08:14	pgaming3(HoµngKimKûNiÖm) sync data from bishop
2023-01-25 10:08:14	pgaming3(HoµngKimKûNiÖm) login
2023-01-25 10:36:19	[ShutdownClient]	Close connection[1] for request.
2023-01-25 10:36:19	pgaming3(HoµngKimKûNiÖm) logout
2023-01-25 10:36:19	Del pgaming3(HoµngKimKûNiÖm): quit
2023-01-25 10:36:24	Add pgaming3(KûNiÖm§åTİm)
2023-01-25 10:36:24	pgaming3(KûNiÖm§åTİm) sync data from bishop
2023-01-25 10:36:24	pgaming3(KûNiÖm§åTİm) login
2023-01-25 10:49:50	[ShutdownClient]	Kick Out, ReasonId (7) 2023-01-25 10:49:50	pgaming3(KûNiÖm§åTİm) logout
2023-01-25 10:49:50	Del pgaming3(KûNiÖm§åTİm): quit
2023-01-25 10:49:57	Add pgaming3(KûNiÖm§åTİm)
2023-01-25 10:49:57	pgaming3(KûNiÖm§åTİm) sync data from bishop
2023-01-25 10:49:57	pgaming3(KûNiÖm§åTİm) login
2023-01-25 11:01:55	pgaming3(KûNiÖm§åTİm) logout
2023-01-25 11:01:55	Del pgaming3(KûNiÖm§åTİm): quit
2023-01-25 11:02:08	Add pgaming3(HoµngKimKûNiÖm)
2023-01-25 11:02:08	pgaming3(HoµngKimKûNiÖm) sync data from bishop
2023-01-25 11:02:08	pgaming3(HoµngKimKûNiÖm) login
2023-01-25 11:13:15	pgaming3(HoµngKimKûNiÖm) logout
2023-01-25 11:13:15	Del pgaming3(HoµngKimKûNiÖm): quit
2023-01-25 22:38:49	Add pgaming3(KûNiÖm§åTİm)
2023-01-25 22:38:49	pgaming3(KûNiÖm§åTİm) sync data from bishop
2023-01-25 22:38:49	pgaming3(KûNiÖm§åTİm) login
2023-01-25 22:40:40	[ShutdownClient]	Close connection[1] for request.
2023-01-25 22:40:40	pgaming3(KûNiÖm§åTİm) logout
2023-01-25 22:40:40	Del pgaming3(KûNiÖm§åTİm): quit
2023-01-25 22:40:44	Add pgaming3(HoµngKimKûNiÖm)
2023-01-25 22:40:44	pgaming3(HoµngKimKûNiÖm) sync data from bishop
2023-01-25 22:40:44	pgaming3(HoµngKimKûNiÖm) login
2023-01-25 22:40:52	[ShutdownClient]	Close connection[1] for request.
2023-01-25 22:40:52	pgaming3(HoµngKimKûNiÖm) logout
2023-01-25 22:40:52	Del pgaming3(HoµngKimKûNiÖm): quit
2023-01-25 22:41:14	Add pgaming(VooDang2)
2023-01-25 22:41:14	pgaming(VooDang2) sync data from bishop
2023-01-25 22:41:14	pgaming(VooDang2) login
2023-01-25 22:42:51	pgaming(VooDang2) logout
2023-01-25 22:42:51	Del pgaming(VooDang2): quit
2023-01-25 22:43:05	Add pgaming(VooDang2)
2023-01-25 22:43:05	pgaming(VooDang2) sync data from bishop
2023-01-25 22:43:05	pgaming(VooDang2) login
2023-01-25 22:43:26	pgaming(VooDang2) logout
2023-01-25 22:43:26	Del pgaming(VooDang2): quit
2023-01-25 22:43:40	Add pgaming2(ThienVuongBang)
2023-01-25 22:43:40	pgaming2(ThienVuongBang) sync data from bishop
2023-01-25 22:43:40	pgaming2(ThienVuongBang) login
2023-01-25 22:49:05	[ShutdownClient]	Close connection[1] for request.
2023-01-25 22:49:05	pgaming2(ThienVuongBang) logout
2023-01-25 22:49:05	Del pgaming2(ThienVuongBang): quit
2023-01-25 22:49:12	Add pgaming3(HoµngKimKûNiÖm)
2023-01-25 22:49:12	pgaming3(HoµngKimKûNiÖm) sync data from bishop
2023-01-25 22:49:12	pgaming3(HoµngKimKûNiÖm) login
2023-01-25 23:37:59	[ShutdownClient]	Close connection[1] for request.
2023-01-25 23:37:59	pgaming3(HoµngKimKûNiÖm) logout
2023-01-25 23:37:59	Del pgaming3(HoµngKimKûNiÖm): quit
2023-01-25 23:38:05	Add pgaming2(ThienVuongBang)
2023-01-25 23:38:05	pgaming2(ThienVuongBang) sync data from bishop
2023-01-25 23:38:05	pgaming2(ThienVuongBang) login
2023-01-25 23:59:17	[ShutdownClient]	Close connection[1] for request.
2023-01-25 23:59:17	pgaming2(ThienVuongBang) logout
2023-01-25 23:59:17	Del pgaming2(ThienVuongBang): quit
2023-01-25 23:59:23	Add pgaming3(KûNiÖm§åTİm)
2023-01-25 23:59:23	pgaming3(KûNiÖm§åTİm) sync data from bishop
2023-01-25 23:59:23	pgaming3(KûNiÖm§åTİm) login
