2023-02-03 21:49:50	Add pgaming2(HeMocTest)
2023-02-03 21:49:50	pgaming2(HeMocTest) sync data from bishop
2023-02-03 21:49:50	pgaming2(HeMocTest) login
2023-02-03 21:50:22	[ShutdownClient]	Close connection[1] for request.
2023-02-03 21:50:22	pgaming2(HeMocTest) logout
2023-02-03 21:50:22	Del pgaming2(HeMocTest): quit
2023-02-03 21:50:30	Add pgaming3(KûNiÖm§åTÝm)
2023-02-03 21:50:30	pgaming3(KûNiÖm§åTÝm) sync data from bishop
2023-02-03 21:50:30	pgaming3(KûNiÖm§åTÝm) login
2023-02-03 21:51:44	[ShutdownClient]	Close connection[1] for request.
2023-02-03 21:51:44	pgaming3(KûNiÖm§åTÝm) logout
2023-02-03 21:51:44	Del pgaming3(KûNiÖm§åTÝm): quit
2023-02-03 21:51:49	Add pgaming3(HoµngKimKûNiÖm)
2023-02-03 21:51:49	pgaming3(HoµngKimKûNiÖm) sync data from bishop
2023-02-03 21:51:49	pgaming3(HoµngKimKûNiÖm) login
2023-02-03 22:01:06	[ShutdownClient]	Close connection[1] for request.
2023-02-03 22:01:06	pgaming3(HoµngKimKûNiÖm) logout
2023-02-03 22:01:06	Del pgaming3(HoµngKimKûNiÖm): quit
2023-02-03 22:01:20	Add pgaming(ThuyYen)
2023-02-03 22:01:20	pgaming(ThuyYen) sync data from bishop
2023-02-03 22:01:20	pgaming(ThuyYen) login
2023-02-03 22:01:25	[ShutdownClient]	Close connection[1] for request.
2023-02-03 22:01:25	pgaming(ThuyYen) logout
2023-02-03 22:01:25	Del pgaming(ThuyYen): quit
2023-02-03 22:01:35	Add pgaming(VooDang2)
2023-02-03 22:01:35	pgaming(VooDang2) sync data from bishop
2023-02-03 22:01:35	pgaming(VooDang2) login
2023-02-03 22:02:00	[ShutdownClient]	Close connection[1] for request.
2023-02-03 22:02:00	pgaming(VooDang2) logout
2023-02-03 22:02:00	Del pgaming(VooDang2): quit
2023-02-03 22:02:07	Add pgaming(VooDang2)
2023-02-03 22:02:07	pgaming(VooDang2) sync data from bishop
2023-02-03 22:02:07	pgaming(VooDang2) login
2023-02-03 22:02:43	pgaming(VooDang2) logout
2023-02-03 22:02:43	Del pgaming(VooDang2): quit
2023-02-03 22:02:53	Add pgaming(VoDang)
2023-02-03 22:02:53	pgaming(VoDang) sync data from bishop
2023-02-03 22:02:53	pgaming(VoDang) login
2023-02-03 22:05:32	[ShutdownClient]	Kick Out, ReasonId (7) 2023-02-03 22:05:32	pgaming(VoDang) logout
2023-02-03 22:05:32	Del pgaming(VoDang): quit
2023-02-03 22:05:37	Add pgaming(VoDang)
2023-02-03 22:05:37	pgaming(VoDang) sync data from bishop
2023-02-03 22:05:37	pgaming(VoDang) login
2023-02-03 22:09:15	[ShutdownClient]	Kick Out, ReasonId (7) 2023-02-03 22:09:15	pgaming(VoDang) logout
2023-02-03 22:09:15	Del pgaming(VoDang): quit
2023-02-03 22:09:20	Add pgaming(VoDang)
2023-02-03 22:09:20	pgaming(VoDang) sync data from bishop
2023-02-03 22:09:20	pgaming(VoDang) login
2023-02-03 22:11:12	[ShutdownClient]	Close connection[1] for request.
2023-02-03 22:11:12	pgaming(VoDang) logout
2023-02-03 22:11:12	Del pgaming(VoDang): quit
2023-02-03 22:11:58	Add pgaming(HoaSon)
2023-02-03 22:11:58	pgaming(HoaSon) sync data from bishop
2023-02-03 22:11:58	pgaming(HoaSon) login
2023-02-03 22:18:35	[ShutdownClient]	Close connection[1] for request.
2023-02-03 22:18:35	pgaming(HoaSon) logout
2023-02-03 22:18:35	Del pgaming(HoaSon): quit
2023-02-03 22:19:57	Add pgaming(VòHånPh¸i)
2023-02-03 22:19:57	pgaming(VòHånPh¸i) sync data from bishop
2023-02-03 22:19:57	pgaming(VòHånPh¸i) login
2023-02-03 22:28:40	[ShutdownClient]	Close connection[1] for request.
2023-02-03 22:28:40	pgaming(VòHånPh¸i) logout
2023-02-03 22:28:40	Del pgaming(VòHånPh¸i): quit
2023-02-03 22:28:45	Add pgaming(HoaSon)
2023-02-03 22:28:45	pgaming(HoaSon) sync data from bishop
2023-02-03 22:28:45	pgaming(HoaSon) login
2023-02-03 22:30:40	pgaming(HoaSon) logout
2023-02-03 22:30:40	Del pgaming(HoaSon): quit
2023-02-03 22:30:47	Add pgaming(HoaSon)
2023-02-03 22:30:47	pgaming(HoaSon) sync data from bishop
2023-02-03 22:30:47	pgaming(HoaSon) login
2023-02-03 22:36:09	[ShutdownClient]	Close connection[1] for request.
2023-02-03 22:36:09	pgaming(HoaSon) logout
2023-02-03 22:36:09	Del pgaming(HoaSon): quit
2023-02-03 22:36:19	Add pgaming(VòHånPh¸i)
2023-02-03 22:36:19	pgaming(VòHånPh¸i) sync data from bishop
2023-02-03 22:36:19	pgaming(VòHånPh¸i) login
2023-02-03 22:36:46	[ShutdownClient]	Close connection[1] for request.
2023-02-03 22:36:46	pgaming(VòHånPh¸i) logout
2023-02-03 22:36:46	Del pgaming(VòHånPh¸i): quit
2023-02-03 22:37:22	Add pgaming(ThóyYªn)
2023-02-03 22:37:22	pgaming(ThóyYªn) sync data from bishop
2023-02-03 22:37:22	pgaming(ThóyYªn) login
2023-02-03 22:37:31	[ShutdownClient]	Kick Out, ReasonId (7) 2023-02-03 22:37:31	pgaming(ThóyYªn) logout
2023-02-03 22:37:31	Del pgaming(ThóyYªn): quit
2023-02-03 22:37:37	Add pgaming(ThóyYªn)
2023-02-03 22:37:37	pgaming(ThóyYªn) sync data from bishop
2023-02-03 22:37:37	pgaming(ThóyYªn) login
2023-02-03 22:37:58	[ShutdownClient]	Kick Out, ReasonId (7) 2023-02-03 22:37:58	pgaming(ThóyYªn) logout
2023-02-03 22:37:58	Del pgaming(ThóyYªn): quit
2023-02-03 22:38:05	Add pgaming(ThóyYªn)
2023-02-03 22:38:05	pgaming(ThóyYªn) sync data from bishop
2023-02-03 22:38:05	pgaming(ThóyYªn) login
2023-02-03 22:53:28	[ShutdownClient]	Close connection[1] for request.
2023-02-03 22:53:28	pgaming(ThóyYªn) logout
2023-02-03 22:53:28	Del pgaming(ThóyYªn): quit
2023-02-03 22:53:35	Add pgaming2(HeMocTest)
2023-02-03 22:53:35	pgaming2(HeMocTest) sync data from bishop
2023-02-03 22:53:35	pgaming2(HeMocTest) login
2023-02-03 22:53:38	[ShutdownClient]	Close connection[1] for request.
2023-02-03 22:53:38	pgaming2(HeMocTest) logout
2023-02-03 22:53:38	Del pgaming2(HeMocTest): quit
2023-02-03 22:53:49	Add pgaming3(KûNiÖm§åTÝm)
2023-02-03 22:53:49	pgaming3(KûNiÖm§åTÝm) sync data from bishop
2023-02-03 22:53:49	pgaming3(KûNiÖm§åTÝm) login
2023-02-03 22:59:28	[ShutdownClient]	Close connection[1] for request.
2023-02-03 22:59:28	pgaming3(KûNiÖm§åTÝm) logout
2023-02-03 22:59:28	Del pgaming3(KûNiÖm§åTÝm): quit
2023-02-03 22:59:34	Add pgaming3(HoµngKimKûNiÖm)
2023-02-03 22:59:34	pgaming3(HoµngKimKûNiÖm) sync data from bishop
2023-02-03 22:59:34	pgaming3(HoµngKimKûNiÖm) login
