[2023-02-03 21:53:12	] pgaming3(HoµngKimKûNiÖm) SEL 1 [Tinh ChÕ]DiÖu D­¬ng V« Gian L÷(0,5,3,2,10) 24999(MONEY) at Shop[2]
[2023-02-03 21:53:56	] pgaming3(HoµngKimKûNiÖm) SEL 1 [Tinh ChÕ]DiÖu D­¬ng V« Ma Ngoa(0,5,3,2,10) 24999(MONEY) at Shop[2]
[2023-02-03 21:55:15	] pgaming3(HoµngKimKûNiÖm) SEL 1 DiÖu D­¬ng V« Ma TriÒn Thñ(0,0,6,0,10) 24999(MONEY) at Shop[2]
[2023-02-03 21:56:03	] pgaming3(HoµngKimKûNiÖm) SEL 1 [Tinh ChÕ]DiÖu D­¬ng V« Ma TriÒn Thñ(0,0,6,0,10) 24999(MONEY) at Shop[2]
[2023-02-03 22:04:46	] pgaming(VoDang) BUY 1 [6-1-1670-1]TÝn vËt m«n ph¸i(6,1,1670,0,1) 100(COIN) at Shop[139]
[2023-02-03 22:05:00	] pgaming(VoDang) BUY 1 [6-1-1671-1]TÝn vËt D­¬ng Anh(6,1,1671,0,1) 100(COIN) at Shop[139]
[2023-02-03 22:10:25	] pgaming(VoDang) SEL 1 Phiªn Vò (0,10,7,0,10) 62500(MONEY) at Shop[38]
[2023-02-03 22:10:25	] pgaming(VoDang) SEL 1 B«n Tiªu(0,10,6,0,10) 62500(MONEY) at Shop[38]
[2023-02-03 22:10:26	] pgaming(VoDang) SEL 1 TuyÖt §Þa(0,10,10,0,10) 62500(MONEY) at Shop[38]
[2023-02-03 22:10:26	] pgaming(VoDang) SEL 1 Phi V©n(0,10,8,0,10) 12500(MONEY) at Shop[38]
[2023-02-03 22:21:19	] pgaming(VòHånPh¸i) SEL 1 Háa Tinh Kim Hæ V­¬ng(0,10,15,0,10) 125000(MONEY) at Shop[39]
[2023-02-03 22:21:20	] pgaming(VòHånPh¸i) SEL 1 Siªu Quang(0,10,13,0,10) 62500(MONEY) at Shop[39]
[2023-02-03 22:21:20	] pgaming(VòHånPh¸i) SEL 1 §»ng Vô(0,10,12,0,10) 62500(MONEY) at Shop[39]
[2023-02-03 22:21:21	] pgaming(VòHånPh¸i) SEL 1 Du Huy(0,10,11,0,10) 62500(MONEY) at Shop[39]
[2023-02-03 22:26:27	] pgaming(VòHånPh¸i) SEL 1 Kim Tinh Hæ V­¬ng(0,10,14,0,10) 125000(MONEY) at Shop[85]
[2023-02-03 22:26:27	] pgaming(VòHånPh¸i) SEL 1 Phiªn Vò (0,10,7,0,10) 62500(MONEY) at Shop[85]
[2023-02-03 22:26:27	] pgaming(VòHånPh¸i) SEL 1 XÝch Long C©u(0,10,9,0,10) 62500(MONEY) at Shop[85]
[2023-02-03 22:26:27	] pgaming(VòHånPh¸i) SEL 1 Phi V©n(0,10,8,0,10) 12500(MONEY) at Shop[85]
[2023-02-03 22:26:28	] pgaming(VòHånPh¸i) SEL 1 TuyÖt §Þa(0,10,10,0,10) 62500(MONEY) at Shop[85]
[2023-02-03 22:27:02	] pgaming(VòHånPh¸i) BUY 1 [6-1-1670-1]TÝn vËt m«n ph¸i(6,1,1670,0,1) 100(COIN) at Shop[139]
[2023-02-03 22:27:03	] pgaming(VòHånPh¸i) BUY 1 [6-1-1671-1]TÝn vËt D­¬ng Anh(6,1,1671,0,1) 100(COIN) at Shop[139]
[2023-02-03 22:40:21	] pgaming(ThóyYªn) SEL 1 DiÖu D­¬ng Tª Hoµng Khëi La Sam(0,2,9,4,10) 24999(MONEY) at Shop[39]
[2023-02-03 22:40:22	] pgaming(ThóyYªn) SEL 1 DiÖu D­¬ng Tª Hoµng H­¬ng Nang(0,9,0,1,10) 24999(MONEY) at Shop[39]
[2023-02-03 22:40:22	] pgaming(ThóyYªn) SEL 1 DiÖu D­¬ng Tª Hoµng Ngoa(0,5,3,2,10) 24999(MONEY) at Shop[39]
[2023-02-03 22:40:22	] pgaming(ThóyYªn) SEL 1 DiÖu D­¬ng Tª Hoµng MÆc Ngäc ChØ Hoµn(0,3,0,3,10) 24999(MONEY) at Shop[39]
[2023-02-03 22:40:22	] pgaming(ThóyYªn) SEL 1 DiÖu D­¬ng Tª Hoµng Tr©m(0,7,9,0,10) 24999(MONEY) at Shop[39]
[2023-02-03 22:40:23	] pgaming(ThóyYªn) SEL 1 DiÖu D­¬ng Tª Hoµng Ch©u Liªn(0,4,0,4,10) 24999(MONEY) at Shop[39]
[2023-02-03 22:40:23	] pgaming(ThóyYªn) SEL 1 DiÖu D­¬ng Tª Hoµng TuyÕt Ngäc ChØ Hoµn(0,3,0,2,10) 24999(MONEY) at Shop[39]
[2023-02-03 22:40:24	] pgaming(ThóyYªn) SEL 1 DiÖu D­¬ng Tª Hoµng CÈm Tó Hé UyÓn(0,8,0,1,10) 24999(MONEY) at Shop[39]
[2023-02-03 22:40:24	] pgaming(ThóyYªn) SEL 1 DiÖu D­¬ng Tª Hoµng Yªu §íi(0,6,0,3,10) 24999(MONEY) at Shop[39]
[2023-02-03 22:40:24	] pgaming(ThóyYªn) SEL 1 DiÖu D­¬ng Tª Hoµng B¶o §ao(0,0,1,0,10) 24999(MONEY) at Shop[39]
[2023-02-03 22:40:46	] pgaming(ThóyYªn) SEL 1 DiÖu D­¬ng Tª Hoµng B¶o §ao(0,0,1,0,10) 24999(MONEY) at Shop[39]
[2023-02-03 22:41:29	] pgaming(ThóyYªn) SEL 1 DiÖu D­¬ng Tª Hoµng B¶o §ao(0,0,1,0,10) 24999(MONEY) at Shop[39]
[2023-02-03 22:41:58	] pgaming(ThóyYªn) SEL 1 DiÖu D­¬ng BÝch H¶i Uyªn ¦¬ng §ao(0,0,5,2,10) 24999(MONEY) at Shop[39]
[2023-02-03 22:41:58	] pgaming(ThóyYªn) SEL 1 DiÖu D­¬ng BÝch H¶i Uyªn ¦¬ng §ao(0,0,5,2,10) 24999(MONEY) at Shop[39]
[2023-02-03 22:41:58	] pgaming(ThóyYªn) SEL 1 DiÖu D­¬ng BÝch H¶i Uyªn ¦¬ng §ao(0,0,5,2,10) 24999(MONEY) at Shop[39]
[2023-02-03 22:41:59	] pgaming(ThóyYªn) SEL 1 DiÖu D­¬ng BÝch H¶i Uyªn ¦¬ng §ao(0,0,5,2,10) 24999(MONEY) at Shop[39]
[2023-02-03 22:41:59	] pgaming(ThóyYªn) SEL 1 DiÖu D­¬ng BÝch H¶i Uyªn ¦¬ng §ao(0,0,5,2,10) 24999(MONEY) at Shop[39]
[2023-02-03 22:42:00	] pgaming(ThóyYªn) SEL 1 DiÖu D­¬ng BÝch H¶i Uyªn ¦¬ng §ao(0,0,5,2,10) 24999(MONEY) at Shop[39]
[2023-02-03 22:43:30	] pgaming(ThóyYªn) BUY 1 [6-1-1181-1]Tiªn Th¶o Lé ®Æc biÖt(6,1,1181,0,1) 5(COIN) at Shop[139]
[2023-02-03 22:44:02	] pgaming(ThóyYªn) SEL 1 Phi V©n(0,10,8,0,10) 12500(MONEY) at Shop[39]
[2023-02-03 22:44:02	] pgaming(ThóyYªn) SEL 1 Phiªn Vò (0,10,7,0,10) 62500(MONEY) at Shop[39]
[2023-02-03 22:44:02	] pgaming(ThóyYªn) SEL 1 TuyÖt §Þa(0,10,10,0,10) 62500(MONEY) at Shop[39]
[2023-02-03 22:44:03	] pgaming(ThóyYªn) SEL 1 XÝch Long C©u(0,10,9,0,10) 62500(MONEY) at Shop[39]
