2023-02-03 21:53:12	HoตngKimK๛Niึm (pgaming3) ิฺ5640ัญปทย๔มห[Tinh Chี]Diึu Dญฌng Vซ Gian L๗ตรตฝ24999มฝา๘ืำ
2023-02-03 21:53:56	HoตngKimK๛Niึm (pgaming3) ิฺ6438ัญปทย๔มห[Tinh Chี]Diึu Dญฌng Vซ Ma Ngoaตรตฝ24999มฝา๘ืำ
2023-02-03 21:55:15	HoตngKimK๛Niึm (pgaming3) ิฺ7855ัญปทย๔มหDiึu Dญฌng Vซ Ma Triาn Th๑ตรตฝ24999มฝา๘ืำ
2023-02-03 21:56:03	HoตngKimK๛Niึm (pgaming3) ิฺ8712ัญปทย๔มห[Tinh Chี]Diึu Dญฌng Vซ Ma Triาn Th๑ตรตฝ24999มฝา๘ืำ
2023-02-03 22:10:25	VoDang (pgaming) ิฺ24228ัญปทย๔มหPhiชn V๒ ตรตฝ62500มฝา๘ืำ
2023-02-03 22:10:25	VoDang (pgaming) ิฺ24236ัญปทย๔มหBซn Tiชuตรตฝ62500มฝา๘ืำ
2023-02-03 22:10:26	VoDang (pgaming) ิฺ24243ัญปทย๔มหTuyึt งaตรตฝ62500มฝา๘ืำ
2023-02-03 22:10:26	VoDang (pgaming) ิฺ24251ัญปทย๔มหPhi Vฉnตรตฝ12500มฝา๘ืำ
2023-02-03 22:21:19	V๒HๅnPhธi (pgaming) ิฺ36005ัญปทย๔มหHแa Tinh Kim Hๆ Vญฌngตรตฝ125000มฝา๘ืำ
2023-02-03 22:21:20	V๒HๅnPhธi (pgaming) ิฺ36017ัญปทย๔มหSiชu Quangตรตฝ62500มฝา๘ืำ
2023-02-03 22:21:20	V๒HๅnPhธi (pgaming) ิฺ36026ัญปทย๔มหงปng V๔ตรตฝ62500มฝา๘ืำ
2023-02-03 22:21:21	V๒HๅnPhธi (pgaming) ิฺ36034ัญปทย๔มหDu Huyตรตฝ62500มฝา๘ืำ
2023-02-03 22:26:27	V๒HๅnPhธi (pgaming) ิฺ41542ัญปทย๔มหKim Tinh Hๆ Vญฌngตรตฝ125000มฝา๘ืำ
2023-02-03 22:26:27	V๒HๅnPhธi (pgaming) ิฺ41545ัญปทย๔มหPhiชn V๒ ตรตฝ62500มฝา๘ืำ
2023-02-03 22:26:27	V๒HๅnPhธi (pgaming) ิฺ41549ัญปทย๔มหXch Long Cฉuตรตฝ62500มฝา๘ืำ
2023-02-03 22:26:27	V๒HๅnPhธi (pgaming) ิฺ41555ัญปทย๔มหPhi Vฉnตรตฝ12500มฝา๘ืำ
2023-02-03 22:26:28	V๒HๅnPhธi (pgaming) ิฺ41563ัญปทย๔มหTuyึt งaตรตฝ62500มฝา๘ืำ
2023-02-03 22:40:21	Th๓yYชn (pgaming) ิฺ56565ัญปทย๔มหDiึu Dญฌng Tช Hoตng Kh๋i La Samตรตฝ24999มฝา๘ืำ
2023-02-03 22:40:22	Th๓yYชn (pgaming) ิฺ56569ัญปทย๔มหDiึu Dญฌng Tช Hoตng Hญฌng Nangตรตฝ24999มฝา๘ืำ
2023-02-03 22:40:22	Th๓yYชn (pgaming) ิฺ56573ัญปทย๔มหDiึu Dญฌng Tช Hoตng Ngoaตรตฝ24999มฝา๘ืำ
2023-02-03 22:40:22	Th๓yYชn (pgaming) ิฺ56582ัญปทย๔มหDiึu Dญฌng Tช Hoตng Mฦc Ngไc Chุ Hoตnตรตฝ24999มฝา๘ืำ
2023-02-03 22:40:22	Th๓yYชn (pgaming) ิฺ56585ัญปทย๔มหDiึu Dญฌng Tช Hoตng Trฉmตรตฝ24999มฝา๘ืำ
2023-02-03 22:40:23	Th๓yYชn (pgaming) ิฺ56591ัญปทย๔มหDiึu Dญฌng Tช Hoตng Chฉu Liชnตรตฝ24999มฝา๘ืำ
2023-02-03 22:40:23	Th๓yYชn (pgaming) ิฺ56604ัญปทย๔มหDiึu Dญฌng Tช Hoตng Tuyีt Ngไc Chุ Hoตnตรตฝ24999มฝา๘ืำ
2023-02-03 22:40:24	Th๓yYชn (pgaming) ิฺ56609ัญปทย๔มหDiึu Dญฌng Tช Hoตng Cศm T๓ H้ Uyำnตรตฝ24999มฝา๘ืำ
2023-02-03 22:40:24	Th๓yYชn (pgaming) ิฺ56614ัญปทย๔มหDiึu Dญฌng Tช Hoตng Yชu งํiตรตฝ24999มฝา๘ืำ
2023-02-03 22:40:24	Th๓yYชn (pgaming) ิฺ56621ัญปทย๔มหDiึu Dญฌng Tช Hoตng Bถo งaoตรตฝ24999มฝา๘ืำ
2023-02-03 22:40:46	Th๓yYชn (pgaming) ิฺ57015ัญปทย๔มหDiึu Dญฌng Tช Hoตng Bถo งaoตรตฝ24999มฝา๘ืำ
2023-02-03 22:41:29	Th๓yYชn (pgaming) ิฺ57790ัญปทย๔มหDiึu Dญฌng Tช Hoตng Bถo งaoตรตฝ24999มฝา๘ืำ
2023-02-03 22:41:58	Th๓yYชn (pgaming) ิฺ58305ัญปทย๔มหDiึu Dญฌng Bch Hถi Uyชn ฆฌng งaoตรตฝ24999มฝา๘ืำ
2023-02-03 22:41:58	Th๓yYชn (pgaming) ิฺ58310ัญปทย๔มหDiึu Dญฌng Bch Hถi Uyชn ฆฌng งaoตรตฝ24999มฝา๘ืำ
2023-02-03 22:41:58	Th๓yYชn (pgaming) ิฺ58314ัญปทย๔มหDiึu Dญฌng Bch Hถi Uyชn ฆฌng งaoตรตฝ24999มฝา๘ืำ
2023-02-03 22:41:59	Th๓yYชn (pgaming) ิฺ58324ัญปทย๔มหDiึu Dญฌng Bch Hถi Uyชn ฆฌng งaoตรตฝ24999มฝา๘ืำ
2023-02-03 22:41:59	Th๓yYชn (pgaming) ิฺ58329ัญปทย๔มหDiึu Dญฌng Bch Hถi Uyชn ฆฌng งaoตรตฝ24999มฝา๘ืำ
2023-02-03 22:42:00	Th๓yYชn (pgaming) ิฺ58334ัญปทย๔มหDiึu Dญฌng Bch Hถi Uyชn ฆฌng งaoตรตฝ24999มฝา๘ืำ
2023-02-03 22:44:02	Th๓yYชn (pgaming) ิฺ60536ัญปทย๔มหPhi Vฉnตรตฝ12500มฝา๘ืำ
2023-02-03 22:44:02	Th๓yYชn (pgaming) ิฺ60539ัญปทย๔มหPhiชn V๒ ตรตฝ62500มฝา๘ืำ
2023-02-03 22:44:02	Th๓yYชn (pgaming) ิฺ60542ัญปทย๔มหTuyึt งaตรตฝ62500มฝา๘ืำ
2023-02-03 22:44:03	Th๓yYชn (pgaming) ิฺ60551ัญปทย๔มหXch Long Cฉuตรตฝ62500มฝา๘ืำ
