2023-01-23 07:19:05	Add pgaming3(KûNiÖm§åTİm)
2023-01-23 07:19:05	pgaming3(KûNiÖm§åTİm) sync data from bishop
2023-01-23 07:19:05	pgaming3(KûNiÖm§åTİm) login
2023-01-23 07:36:58	pgaming3(KûNiÖm§åTİm) logout
2023-01-23 07:36:58	Del pgaming3(KûNiÖm§åTİm): quit
2023-01-23 07:37:09	Add pgaming2(HeMocTest)
2023-01-23 07:37:09	pgaming2(HeMocTest) sync data from bishop
2023-01-23 07:37:09	pgaming2(HeMocTest) login
2023-01-23 07:37:13	[ShutdownClient]	Close connection[1] for request.
2023-01-23 07:37:13	pgaming2(HeMocTest) logout
2023-01-23 07:37:13	Del pgaming2(HeMocTest): quit
2023-01-23 07:37:22	Add pgaming3(KûNiÖm§åTİm)
2023-01-23 07:37:22	pgaming3(KûNiÖm§åTİm) sync data from bishop
2023-01-23 07:37:22	pgaming3(KûNiÖm§åTİm) login
2023-01-23 07:46:24	[ShutdownClient]	Kick Out, ReasonId (7) 2023-01-23 07:46:24	pgaming3(KûNiÖm§åTİm) logout
2023-01-23 07:46:24	Del pgaming3(KûNiÖm§åTİm): quit
2023-01-23 07:46:30	Add pgaming3(KûNiÖm§åTİm)
2023-01-23 07:46:30	pgaming3(KûNiÖm§åTİm) sync data from bishop
2023-01-23 07:46:30	pgaming3(KûNiÖm§åTİm) login
2023-01-23 07:52:25	pgaming3(KûNiÖm§åTİm) logout
2023-01-23 07:52:25	Del pgaming3(KûNiÖm§åTİm): quit
2023-01-23 07:52:39	Add pgaming3(KûNiÖm§åTİm)
2023-01-23 07:52:39	pgaming3(KûNiÖm§åTİm) sync data from bishop
2023-01-23 07:52:39	pgaming3(KûNiÖm§åTİm) login
2023-01-23 07:52:40	pgaming3(KûNiÖm§åTİm) logout
2023-01-23 07:52:40	Del pgaming3(KûNiÖm§åTİm): quit
2023-01-23 07:52:47	Add pgaming3(KûNiÖm§åTİm)
2023-01-23 07:52:47	pgaming3(KûNiÖm§åTİm) sync data from bishop
2023-01-23 07:52:47	pgaming3(KûNiÖm§åTİm) login
2023-01-23 08:10:41	[ShutdownClient]	Kick Out, ReasonId (7) 2023-01-23 08:10:41	pgaming3(KûNiÖm§åTİm) logout
2023-01-23 08:10:41	Del pgaming3(KûNiÖm§åTİm): quit
2023-01-23 08:10:46	Add pgaming3(KûNiÖm§åTİm)
2023-01-23 08:10:46	pgaming3(KûNiÖm§åTİm) sync data from bishop
2023-01-23 08:10:46	pgaming3(KûNiÖm§åTİm) login
2023-01-23 08:38:50	pgaming3(KûNiÖm§åTİm) logout
2023-01-23 08:38:50	Del pgaming3(KûNiÖm§åTİm): quit
