2023-01-21 09:11:00	Add pgaming2(ThienVuongBang)
2023-01-21 09:11:00	pgaming2(ThienVuongBang) sync data from bishop
2023-01-21 09:11:00	pgaming2(ThienVuongBang) login
2023-01-21 09:11:36	[ShutdownClient]	Kick Out, ReasonId (7) 2023-01-21 09:11:36	pgaming2(ThienVuongBang) logout
2023-01-21 09:11:36	Del pgaming2(ThienVuongBang): quit
2023-01-21 09:11:42	Add pgaming2(ThienVuongBang)
2023-01-21 09:11:42	pgaming2(ThienVuongBang) sync data from bishop
2023-01-21 09:11:42	pgaming2(ThienVuongBang) login
2023-01-21 09:12:04	[ShutdownClient]	Kick Out, ReasonId (7) 2023-01-21 09:12:04	pgaming2(ThienVuongBang) logout
2023-01-21 09:12:04	Del pgaming2(ThienVuongBang): quit
2023-01-21 09:12:11	Add pgaming2(ThienVuongBang)
2023-01-21 09:12:11	pgaming2(ThienVuongBang) sync data from bishop
2023-01-21 09:12:11	pgaming2(ThienVuongBang) login
2023-01-21 09:12:33	[ShutdownClient]	Kick Out, ReasonId (7) 2023-01-21 09:12:33	pgaming2(ThienVuongBang) logout
2023-01-21 09:12:33	Del pgaming2(ThienVuongBang): quit
2023-01-21 09:12:37	Add pgaming2(ThienVuongBang)
2023-01-21 09:12:37	pgaming2(ThienVuongBang) sync data from bishop
2023-01-21 09:12:37	pgaming2(ThienVuongBang) login
2023-01-21 09:16:43	[ShutdownClient]	Kick Out, ReasonId (7) 2023-01-21 09:16:43	pgaming2(ThienVuongBang) logout
2023-01-21 09:16:43	Del pgaming2(ThienVuongBang): quit
2023-01-21 09:16:49	Add pgaming2(ThienVuongBang)
2023-01-21 09:16:49	pgaming2(ThienVuongBang) sync data from bishop
2023-01-21 09:16:49	pgaming2(ThienVuongBang) login
2023-01-21 09:17:22	[ShutdownClient]	Kick Out, ReasonId (7) 2023-01-21 09:17:23	pgaming2(ThienVuongBang) logout
2023-01-21 09:17:23	Del pgaming2(ThienVuongBang): quit
2023-01-21 09:17:27	Add pgaming2(ThienVuongBang)
2023-01-21 09:17:27	pgaming2(ThienVuongBang) sync data from bishop
2023-01-21 09:17:27	pgaming2(ThienVuongBang) login
2023-01-21 09:18:38	[ShutdownClient]	Kick Out, ReasonId (7) 2023-01-21 09:18:38	pgaming2(ThienVuongBang) logout
2023-01-21 09:18:38	Del pgaming2(ThienVuongBang): quit
2023-01-21 09:18:44	Add pgaming2(ThienVuongBang)
2023-01-21 09:18:44	pgaming2(ThienVuongBang) sync data from bishop
2023-01-21 09:18:44	pgaming2(ThienVuongBang) login
2023-01-21 10:19:24	[ShutdownClient]	Close connection[1] for request.
2023-01-21 10:19:24	pgaming2(ThienVuongBang) logout
2023-01-21 10:19:24	Del pgaming2(ThienVuongBang): quit
2023-01-21 10:19:28	Add pgaming2(ThienVuongBang)
2023-01-21 10:19:28	pgaming2(ThienVuongBang) sync data from bishop
2023-01-21 10:19:28	pgaming2(ThienVuongBang) login
2023-01-21 10:32:09	pgaming2(ThienVuongBang) logout
2023-01-21 10:32:09	Del pgaming2(ThienVuongBang): quit
