[2023-01-23 07:26:31	] pgaming3(K˚Ni÷mßÂT›m) BUY 1 [6-1-2331-1]M∑ bµi - § V©n ßπp Tuy’t(6,1,2331,0,1) 50(COIN) at Shop[143]
[2023-01-23 07:26:33	] pgaming3(K˚Ni÷mßÂT›m) BUY 1 [6-1-2330-1]M∑ bµi - Tuy÷t ∂nh(6,1,2330,0,1) 50(COIN) at Shop[143]
[2023-01-23 07:26:35	] pgaming3(K˚Ni÷mßÂT›m) BUY 1 [6-1-2329-1]M∑ bµi - ß›ch L´(6,1,2329,0,1) 50(COIN) at Shop[143]
[2023-01-23 07:26:56	] pgaming3(K˚Ni÷mßÂT›m) SEL 1 § V©n ßπp Tuy’t(0,10,5,0,6) 62500(MONEY) at Shop[143]
[2023-01-23 07:26:57	] pgaming3(K˚Ni÷mßÂT›m) SEL 1 Tuy÷t ∂nh(0,10,5,0,8) 62500(MONEY) at Shop[143]
[2023-01-23 07:43:26	] pgaming3(K˚Ni÷mßÂT›m) BUY 1 [6-1-398-1]Th«n b› kho∏ng thπch(6,1,398,0,1) 5(COIN) at Shop[141]
[2023-01-23 07:43:26	] pgaming3(K˚Ni÷mßÂT›m) BUY 1 [6-1-398-1]Th«n b› kho∏ng thπch(6,1,398,0,1) 5(COIN) at Shop[141]
[2023-01-23 07:43:26	] pgaming3(K˚Ni÷mßÂT›m) BUY 1 [6-1-398-1]Th«n b› kho∏ng thπch(6,1,398,0,1) 5(COIN) at Shop[141]
[2023-01-23 07:43:26	] pgaming3(K˚Ni÷mßÂT›m) BUY 1 [6-1-398-1]Th«n b› kho∏ng thπch(6,1,398,0,1) 5(COIN) at Shop[141]
[2023-01-23 07:43:26	] pgaming3(K˚Ni÷mßÂT›m) BUY 1 [6-1-398-1]Th«n b› kho∏ng thπch(6,1,398,0,1) 5(COIN) at Shop[141]
[2023-01-23 07:43:27	] pgaming3(K˚Ni÷mßÂT›m) BUY 1 [6-1-398-1]Th«n b› kho∏ng thπch(6,1,398,0,1) 5(COIN) at Shop[141]
[2023-01-23 07:43:27	] pgaming3(K˚Ni÷mßÂT›m) BUY 1 [6-1-398-1]Th«n b› kho∏ng thπch(6,1,398,0,1) 5(COIN) at Shop[141]
[2023-01-23 07:43:27	] pgaming3(K˚Ni÷mßÂT›m) BUY 1 [6-1-398-1]Th«n b› kho∏ng thπch(6,1,398,0,1) 5(COIN) at Shop[141]
[2023-01-23 07:43:27	] pgaming3(K˚Ni÷mßÂT›m) BUY 1 [6-1-398-1]Th«n b› kho∏ng thπch(6,1,398,0,1) 5(COIN) at Shop[141]
[2023-01-23 07:43:27	] pgaming3(K˚Ni÷mßÂT›m) BUY 1 [6-1-398-1]Th«n b› kho∏ng thπch(6,1,398,0,1) 5(COIN) at Shop[141]
[2023-01-23 07:43:27	] pgaming3(K˚Ni÷mßÂT›m) BUY 1 [6-1-398-1]Th«n b› kho∏ng thπch(6,1,398,0,1) 5(COIN) at Shop[141]
[2023-01-23 07:46:01	] pgaming3(K˚Ni÷mßÂT›m) BUY 1 [6-1-2218-1]HÂng ∂nh B∂o R≠¨ng(6,1,2218,0,1) 10(COIN) at Shop[139]
[2023-01-23 07:53:13	] pgaming3(K˚Ni÷mßÂT›m) BUY 1 [6-1-398-1]Th«n b› kho∏ng thπch(6,1,398,0,1) 5(COIN) at Shop[141]
[2023-01-23 07:53:13	] pgaming3(K˚Ni÷mßÂT›m) BUY 1 [6-1-398-1]Th«n b› kho∏ng thπch(6,1,398,0,1) 5(COIN) at Shop[141]
[2023-01-23 07:53:13	] pgaming3(K˚Ni÷mßÂT›m) BUY 1 [6-1-398-1]Th«n b› kho∏ng thπch(6,1,398,0,1) 5(COIN) at Shop[141]
[2023-01-23 07:53:13	] pgaming3(K˚Ni÷mßÂT›m) BUY 1 [6-1-398-1]Th«n b› kho∏ng thπch(6,1,398,0,1) 5(COIN) at Shop[141]
[2023-01-23 07:53:13	] pgaming3(K˚Ni÷mßÂT›m) BUY 1 [6-1-398-1]Th«n b› kho∏ng thπch(6,1,398,0,1) 5(COIN) at Shop[141]
[2023-01-23 07:53:13	] pgaming3(K˚Ni÷mßÂT›m) BUY 1 [6-1-398-1]Th«n b› kho∏ng thπch(6,1,398,0,1) 5(COIN) at Shop[141]
[2023-01-23 07:53:13	] pgaming3(K˚Ni÷mßÂT›m) BUY 1 [6-1-398-1]Th«n b› kho∏ng thπch(6,1,398,0,1) 5(COIN) at Shop[141]
[2023-01-23 08:13:27	] pgaming3(K˚Ni÷mßÂT›m) BUY 1 [6-1-1181-1]Ti™n Th∂o LÈ Æ∆c bi÷t(6,1,1181,0,1) 5(COIN) at Shop[139]
[2023-01-23 08:15:20	] pgaming3(K˚Ni÷mßÂT›m) BUY 1 [6-1-1181-1]Ti™n Th∂o LÈ Æ∆c bi÷t(6,1,1181,0,1) 5(COIN) at Shop[139]
[2023-01-23 08:16:55	] pgaming3(K˚Ni÷mßÂT›m) BUY 1 [6-1-1181-1]Ti™n Th∂o LÈ Æ∆c bi÷t(6,1,1181,0,1) 5(COIN) at Shop[139]
[2023-01-23 08:16:55	] pgaming3(K˚Ni÷mßÂT›m) BUY 1 [6-1-1181-1]Ti™n Th∂o LÈ Æ∆c bi÷t(6,1,1181,0,1) 5(COIN) at Shop[139]
[2023-01-23 08:16:55	] pgaming3(K˚Ni÷mßÂT›m) BUY 1 [6-1-1181-1]Ti™n Th∂o LÈ Æ∆c bi÷t(6,1,1181,0,1) 5(COIN) at Shop[139]
