[2023/02/03 21:47:36] Delete event data: ShareKey(EVENT_cailuhongbao), Param1(-1), Param2(-1), Timeout(2020-3-30)
[2023/02/03 21:47:36] Delete event data: ShareKey(EVENT_MIDAUT_2010), Param1(-1), Param2(-1), Timeout(2020-10-19)
[2023/02/03 21:47:36] Delete event data: ShareKey(EVENT_dayanqunxia), Param1(-1), Param2(-1), Timeout(2020-3-20)
[2023/02/03 21:47:36] Delete event data: ShareKey(FUNC_RANK_EQUIPVALUE), Param1(-1), Param2(-1), Timeout(2020-6-4)
[2023/02/03 21:47:36] Delete event data: ShareKey(EVENT_April_zhushuai), Param1(-1), Param2(-1), Timeout(2020-6-4)
[2023/02/03 21:47:36] Loading All Scripts....................
[2023/02/03 21:47:36] Load Rank FUNC_RANK_EQUIPVALUE
[2023/02/03 21:47:36] Load Stable Rank count 0
[2023/02/03 21:47:36] Load Dynamic Rank count 0
[2023/02/03 21:47:36] Load Rank FUNC_RANK_EQUIPVALUE end
[2023/02/03 21:47:36] 
All Scripts Have Been Loaded! Count = 79
[2023/02/03 21:47:36] root client[:0] create
[2023/02/03 21:47:38] start autotimer for Ping: 
[2023/02/03 21:47:38] TRIP_MODE: None
[2023/02/03 21:47:38] Loading World Setting...
[2023/02/03 21:47:38] gateway client create: 127.0.0.1
[2023/02/03 21:47:38] Reset map pho ban thanh cong
[2023/02/03 21:47:38] 1 tong(s) loaded from tongex DB.
[2023/02/03 21:47:38] Load LeagueData: LeagueType: 4, Leagues: 7, Roles: 7
[2023/02/03 21:47:38] Load LeagueData: LeagueType: 500, Leagues: 2, Roles: 2
[2023/02/03 21:47:38] Load LeagueData: LeagueType: 10000, Leagues: 1, Roles: 21
[2023/02/03 21:47:38]  He thong thong bao tin tuc tu dong 
[2023/02/03 21:47:38] Xep Hang Tong Kim Khoi Dong
[2023/02/03 21:47:38] ============ League Match Start: Phase=1  SeasonID=75 ==============
[2023/02/03 21:47:38] TONG_SHREWMOUSE BAT DAU LUC 22:0...
[2023/02/03 21:47:38] Thien Ha De Nhat Bang ( Dai Chien Bang Hoi)
[2023/02/03 21:47:38] QUA HUY HOANG on start at 12 PM
[2023/02/03 21:47:38] MidAut2010 LoadData
[2023/02/03 21:47:38] KHOI DONG HOAT DONG HOA DANG : 2147
[2023/02/03 21:47:38] BOSS HOANG KIM MON PHAI at 10:00
[2023/02/03 21:47:38] BOSS ¡ì1i Hoang Kim zhangxuan XUAT HIEN:  20:10
[2023/02/03 21:47:38] BOSS ¡ì1i Hoang Kim murongquan XUAT HIEN:  20:20
[2023/02/03 21:47:38] BOSS ¡ì1i Hoang Kim jinshiliang XUAT HIEN:  20:15
[2023/02/03 21:47:38] BOSS HOANG KIM MON PHAI at 22:00
[2023/02/03 21:47:38] =====> SO LUONG BOSS HOANG KIM XUAT HIEN :  0
[2023/02/03 21:47:38] =====> BOSS DOC CO THIEN PHONG XUAT HIEN :  19:45
[2023/02/03 21:47:38] [SEVENCITY]task[start_signup] loaded
[2023/02/03 21:47:38] [SEVENCITY]task[close_signup] loaded
[2023/02/03 21:47:38] [SEVENCITY]task[prepare] loaded
[2023/02/03 21:47:38] [SEVENCITY]task[start] loaded
[2023/02/03 21:47:38] [SEVENCITY]task[close] loaded
[2023/02/03 21:47:38] =================[CTC TAM TRU] XOA DU LIEU CONG THANH=================
[2023/02/03 21:47:38] =================[CTC Tam Tru] BAT DAU GHI DANH=================
[2023/02/03 21:47:38] =================[CTC TAM TRU] KET THUC GHI DANH=================
[2023/02/03 21:47:38] =================[CTC Tam Tru] LOI TRAN CHIEN BAT DAU=================
[2023/02/03 21:47:38] =================[CTC Tam Tru] CONG THANH CHIEN BAT DAU=================
[2023/02/03 21:47:38] BATTLE[XiangYang] 10:50 startup...
[2023/02/03 21:47:38] BATTLE[XiangYang] 12:50 startup...
[2023/02/03 21:47:38] BATTLE[XiangYang] 14:50 startup...
[2023/02/03 21:47:38] BATTLE[XiangYang] 16:50 startup...
[2023/02/03 21:47:38] BATTLE[XiangYang] 18:50 startup...
[2023/02/03 21:47:38] [STARTED]	BATTLE [TONG KIM] 20:50 -> OK!
[2023/02/03 21:47:38] BATTLE[XiangYang] 22:50 startup...
[2023/02/03 21:47:38] =================HOAT DONG PHU QUY CAM HAP============== 
[2023/02/03 21:47:38] =================HOAT DONG GIET NHIM BEO PHI BAT DAU 22:0 VA 30 PHUT SAU KET THUC=======
[2023/02/03 21:47:38] [STARTED] CHALLENGE OF TIME 22:0
[2023/02/03 21:47:38] =================BOSS THIEN TRI XUAT HIEN LUC 20H TANG 4=================
[2023/02/03 21:47:38] [STARTED] FENGLING FERRY
[2023/02/03 21:47:38] =================Hoat Dong Viem De Bat Dau 22:25...=================
[2023/02/03 21:47:38] =================LOAN CHIEN CUU CHAU COC BAT DAU 22:0 va 60 PHUT SE KET THUC=================
[2023/02/03 21:47:38] PHONG HOA LIEN THANH BAT DAU 13:0...
[2023/02/03 21:47:38] Phong Hoa Lien Thanh da ket thuc 15:30...
[2023/02/03 21:47:38] [STARTED] Reset BXH Hang Ngay Luc 00:00 Thu 2
[2023/02/03 21:47:38] =================·Phong Lang Do 0h==================
[2023/02/03 21:47:38] =================·Phong Lang Do 1h==================
[2023/02/03 21:47:38] =================·Phong Lang Do 2h==================
[2023/02/03 21:47:38] =================·Phong Lang Do 3h==================
[2023/02/03 21:47:38] =================·Phong Lang Do 4h==================
[2023/02/03 21:47:38] =================·Phong Lang Do 5h==================
[2023/02/03 21:47:38] =================·Phong Lang Do 6h==================
[2023/02/03 21:47:38] =================·Phong Lang Do 7h==================
[2023/02/03 21:47:38] =================·Phong Lang Do 8h==================
[2023/02/03 21:47:38] =================·Phong Lang Do 9h==================
[2023/02/03 21:47:38] =================·Phong Lang Do 10h==================
[2023/02/03 21:47:38] =================·Phong Lang Do 11h==================
[2023/02/03 21:47:38] =================·Phong Lang Do 12h==================
[2023/02/03 21:47:38] =================·Phong Lang Do 13h==================
[2023/02/03 21:47:38] =================·Phong Lang Do 14h==================
[2023/02/03 21:47:38] =================·Phong Lang Do 15h==================
[2023/02/03 21:47:38] =================·Phong Lang Do 16h==================
[2023/02/03 21:47:38] =================·Phong Lang Do 17h==================
[2023/02/03 21:47:38] =================·Phong Lang Do 18h==================
[2023/02/03 21:47:38] =================·Phong Lang Do 19h==================
[2023/02/03 21:47:38] =================·Phong Lang Do 20h==================
[2023/02/03 21:47:38] =================·Phong Lang Do 21h==================
[2023/02/03 21:47:38] =================·Phong Lang Do 22h==================
[2023/02/03 21:47:38] =================·Phong Lang Do 23h==================
[2023/02/03 21:47:38] =================GLOBALEXCUTECHAT=================
[2023/02/03 21:47:38] =================MS2PLAYERCHAT=================
[2023/02/03 21:47:38]  =================HOA SON DAI CHIEN 10H,15H,22H==================
[2023/02/03 21:47:38] Xoa du lieu thong tin boss Hoang Kim 52301
[2023/02/03 21:47:38] Xoa du lieu thong tin boss Hoang Kim 51302
[2023/02/03 21:47:38] Xoa du lieu thong tin boss Hoang Kim 51102
[2023/02/03 21:47:38] Xoa du lieu thong tin boss Hoang Kim 135403
[2023/02/03 21:47:38] Xoa du lieu thong tin boss Hoang Kim 135604
[2023/02/03 21:47:38] Xoa du lieu thong tin boss Hoang Kim 135705
[2023/02/03 21:47:38] Xoa du lieu thong tin boss Hoang Kim 135206
[2023/02/03 21:47:38] Xoa du lieu thong tin boss Hoang Kim 135807
[2023/02/03 21:47:38] Xoa du lieu thong tin boss Hoang Kim 136008
[2023/02/03 21:47:38] Xoa du lieu thong tin boss Hoang Kim 135109
[2023/02/03 21:47:38] Xoa du lieu thong tin boss Hoang Kim 52301
[2023/02/03 21:47:38] Xoa du lieu thong tin boss Hoang Kim 51302
[2023/02/03 21:47:38] Xoa du lieu thong tin boss Hoang Kim 51102
[2023/02/03 21:47:38] Xoa du lieu thong tin boss Hoang Kim 135403
[2023/02/03 21:47:38] Xoa du lieu thong tin boss Hoang Kim 135604
[2023/02/03 21:47:38] Xoa du lieu thong tin boss Hoang Kim 135705
[2023/02/03 21:47:38] Xoa du lieu thong tin boss Hoang Kim 135206
[2023/02/03 21:47:38] Xoa du lieu thong tin boss Hoang Kim 135807
[2023/02/03 21:47:38] Xoa du lieu thong tin boss Hoang Kim 136008
[2023/02/03 21:47:38] Xoa du lieu thong tin boss Hoang Kim 135109
[2023/02/03 21:47:38] BATTLE[GuoZhan] 20:50 startup...
[2023/02/03 21:47:38] KHOI DONG NHIEM VU TONG KIM CHIEN QUOC 
[2023/02/03 21:47:38] Failed to init statdatamanager!
[2023/02/03 21:47:38] S3Relay -- S3Relay- Khoi dong hoan tat! 
[2023/02/03 21:47:38] 
*
***** S3Relay Start (@ 143074488/00/43200 00:-1080534408:135861597.136280271) >>>>>
*


[2023/02/03 21:47:38] SockThread start success
[2023/02/03 21:47:38] Xep Hang Khoi Dong Hoan Tat
[2023/02/03 21:47:59] ChatConnection create: 127.0.0.1
[2023/02/03 21:47:59] TongConnection create: 127.0.0.1
[2023/02/03 21:47:59] HostConnection create: 127.0.0.1
[2023/02/03 21:48:20] ============ League Match GSReady(16777343): Phase=1  MatchID=0  SeasonID=75 =============
[2023/02/03 21:48:20] GameServerLogin: 127.0.0.1
[2023/02/03 21:48:20] TongDataSendFinish: 127.0.0.1
[2023/02/03 21:48:34] Assign Dynamic map(948,70081) for GS:0
[2023/02/03 21:48:34] GS:0 Total Dynamic map:1
[2023/02/03 21:48:34] GS:0 Total Static map:646
[2023/02/03 21:48:34] Assign Dynamic map(948,70082) for GS:0
[2023/02/03 21:48:34] GS:0 Total Dynamic map:2
[2023/02/03 21:48:34] GS:0 Total Static map:646
[2023/02/03 21:48:34] Assign Dynamic map(948,70083) for GS:0
[2023/02/03 21:48:34] GS:0 Total Dynamic map:3
[2023/02/03 21:48:34] GS:0 Total Static map:646
[2023/02/03 21:48:34] Assign Dynamic map(948,70084) for GS:0
[2023/02/03 21:48:34] GS:0 Total Dynamic map:4
[2023/02/03 21:48:34] GS:0 Total Static map:646
[2023/02/03 21:48:34] Assign Dynamic map(948,70085) for GS:0
[2023/02/03 21:48:34] GS:0 Total Dynamic map:5
[2023/02/03 21:48:34] GS:0 Total Static map:646
[2023/02/03 21:48:34] Assign Dynamic map(975,65536) for GS:0
[2023/02/03 21:48:34] GS:0 Total Dynamic map:6
[2023/02/03 21:48:34] GS:0 Total Static map:646
[2023/02/03 21:48:34] Assign Dynamic map(975,65537) for GS:0
[2023/02/03 21:48:34] GS:0 Total Dynamic map:7
[2023/02/03 21:48:34] GS:0 Total Static map:646
[2023/02/03 21:48:34] Assign Dynamic map(975,65538) for GS:0
[2023/02/03 21:48:34] GS:0 Total Dynamic map:8
[2023/02/03 21:48:34] GS:0 Total Static map:646
[2023/02/03 21:48:34] Assign Dynamic map(975,65539) for GS:0
[2023/02/03 21:48:34] GS:0 Total Dynamic map:9
[2023/02/03 21:48:34] GS:0 Total Static map:646
[2023/02/03 21:48:34] Assign Dynamic map(975,65540) for GS:0
[2023/02/03 21:48:34] GS:0 Total Dynamic map:10
[2023/02/03 21:48:34] GS:0 Total Static map:646
[2023/02/03 21:48:34] Assign Dynamic map(976,65541) for GS:0
[2023/02/03 21:48:34] GS:0 Total Dynamic map:11
[2023/02/03 21:48:34] GS:0 Total Static map:646
[2023/02/03 21:48:34] Assign Dynamic map(976,65542) for GS:0
[2023/02/03 21:48:34] GS:0 Total Dynamic map:12
[2023/02/03 21:48:34] GS:0 Total Static map:646
[2023/02/03 21:48:34] Assign Dynamic map(976,65543) for GS:0
[2023/02/03 21:48:34] GS:0 Total Dynamic map:13
[2023/02/03 21:48:34] GS:0 Total Static map:646
[2023/02/03 21:48:34] Assign Dynamic map(976,65544) for GS:0
[2023/02/03 21:48:34] GS:0 Total Dynamic map:14
[2023/02/03 21:48:34] GS:0 Total Static map:646
[2023/02/03 21:48:34] Assign Dynamic map(976,65545) for GS:0
[2023/02/03 21:48:34] GS:0 Total Dynamic map:15
[2023/02/03 21:48:34] GS:0 Total Static map:646
[2023/02/03 21:48:34] Assign Dynamic map(958,70086) for GS:0
[2023/02/03 21:48:34] GS:0 Total Dynamic map:16
[2023/02/03 21:48:34] GS:0 Total Static map:646
[2023/02/03 21:48:34] Assign Dynamic map(958,70087) for GS:0
[2023/02/03 21:48:34] GS:0 Total Dynamic map:17
[2023/02/03 21:48:34] GS:0 Total Static map:646
[2023/02/03 21:48:34] Assign Dynamic map(958,70088) for GS:0
[2023/02/03 21:48:34] GS:0 Total Dynamic map:18
[2023/02/03 21:48:34] GS:0 Total Static map:646
[2023/02/03 21:48:34] Assign Dynamic map(958,70089) for GS:0
[2023/02/03 21:48:34] GS:0 Total Dynamic map:19
[2023/02/03 21:48:34] GS:0 Total Static map:646
[2023/02/03 21:48:34] Assign Dynamic map(958,70090) for GS:0
[2023/02/03 21:48:34] GS:0 Total Dynamic map:20
[2023/02/03 21:48:34] GS:0 Total Static map:646
[2023/02/03 22:00:38] ============ League Match: Phase=1  MatchID=0  SeasonID=75 =============
[2023/02/03 22:00:38] 230203 ->0
[2023/02/03 22:00:38] Hien tai so nguoi dang ky la  0
[2023/02/03 22:00:38] KHOI TAO BOSS Cæ B¸ch,566,95,11,3346,4797,0----202302032200
[2023/02/03 22:00:38] KHOI TAO BOSS HuyÒn Gi¸c §¹i S­,740,95,176,1162,2781,0----202302032200
[2023/02/03 22:00:38] KHOI TAO BOSS §­êng Phi YÕn,1366,95,75,1614,3191,1----202302032200
[2023/02/03 22:00:38] KHOI TAO BOSS Lam Y Y,582,95,204,1527,3529,1----202302032200
[2023/02/03 22:00:38] KHOI TAO BOSS Hµ Linh Phiªu,568,95,203,1792,3234,2----202302032200
[2023/02/03 22:00:38] KHOI TAO BOSS Yªn HiÓu Tr¸i,744,95,37,1535,2902,2----202302032200
[2023/02/03 22:00:38] KHOI TAO BOSS M¹nh Th­¬ng L­¬ng,583,95,224,1739,2857,3----202302032200
[2023/02/03 22:00:38] KHOI TAO BOSS Gia LuËt TÞ Ly,563,95,181,1616,2951,3----202302032200
[2023/02/03 22:00:38] KHOI TAO BOSS §¹o Thanh Ch©n Nh©n,562,95,321,1474,3008,4----202302032200
[2023/02/03 22:00:38] KHOI TAO BOSS TuyÒn C¬ Tö,747,95,342,1212,2419,4----202302032200
[2023/02/03 22:00:38] KHOI TAO BOSS V­¬ng T¸,739,95,202,1618,2950,0----202302032200
[2023/02/03 22:00:38] KHOI TAO BOSS HuyÒn Nan §¹i S­,1365,95,336,1422,3113,0----202302032200
[2023/02/03 22:00:38] KHOI TAO BOSS §­êng BÊt NhiÔm,741,95,75,1614,3191,1----202302032200
[2023/02/03 22:00:38] KHOI TAO BOSS B¹ch Doanh Doanh,742,95,80,1538,3041,1----202302032200
[2023/02/03 22:00:38] KHOI TAO BOSS Thanh TuyÖt S­ Th¸i,743,95,205,1585,3226,2----202302032200
[2023/02/03 22:00:38] KHOI TAO BOSS Chung Linh Tó,567,95,203,1792,3234,2----202302032200
[2023/02/03 22:00:38] KHOI TAO BOSS Hµ Nh©n Ng·,745,95,10,1836,3082,3----202302032200
[2023/02/03 22:00:38] KHOI TAO BOSS §oan Méc DuÖ,565,95,336,1422,3113,3----202302032200
[2023/02/03 22:00:38] KHOI TAO BOSS Tõ §¹i Nh¹c,1367,95,11,2966,4807,4----202302032200
[2023/02/03 22:00:38] KHOI TAO BOSS Thanh Liªn Tö,1368,95,322,1938,3957,4----202302032200
[2023/02/03 22:00:38] KHOI TAO BOSS Thanh TuyÖt S­ Th¸i,743,95,225,1603,3221,2----202302032200
[2023/02/03 22:00:38] [RUNNING] CHALLENGE OF TIME 23:0
[2023/02/03 22:00:38] [STARTED] FENGLING FERRY 22H
[2023/02/03 22:00:38] =================BAO DANH LOAN CHIEN CUU CHAU COC=================
[2023/02/03 22:00:38]  =================HOA SON DAI CHIEN Started==================
[2023/02/03 22:10:38] [KHOI TAO DAY SO MAY MAN]  20230203  SO BINH THUONG : 86 33 58 43 78 56 70 57 13 SO DAC BIET: 49
[2023/02/03 22:10:38] SAVE 2010 EXPANSION FUGUIJINHE BET NUMBER
[2023/02/03 22:15:38] ============ League Match: Phase=1  MatchID=0  SeasonID=75 =============
[2023/02/03 22:25:38] =================Hoat Dong Viem De22:25 Bat Dau======
[2023/02/03 22:30:38] ============ League Match: Phase=1  MatchID=0  SeasonID=75 =============
[2023/02/03 22:30:38] 230203 ->0
[2023/02/03 22:30:38] Hien tai so nguoi dang ky la  0
[2023/02/03 22:45:38] ============ League Match: Phase=1  MatchID=0  SeasonID=75 =============
[2023/02/03 22:50:38] -----------------------------------------------------------------------------------------------------------------------------------------------------------------------------------
[2023/02/03 22:50:38] [2023-02-03 22:50:38]  NEW BATTLE START
[2023/02/03 22:50:38] BattleID: 1   BattleLevel: 1   Issue: 1   4th.Round
[2023/02/03 22:50:38] RoundID: 15   MapPattern: 11   BattleMapID:  1   WorldMapID: 378   MapName: Ngò Ph­¬ng Nguyªn ChiÕn   RuleID: 3
[2023/02/03 22:50:38] -----------------------------------------------------------------------------------------------------------------------------------------------------------------------------------
[2023/02/03 22:50:38] -----------------------------------------------------------------------------------------------------------------------------------------------------------------------------------
[2023/02/03 22:50:38] [2023-02-03 22:50:38]  NEW BATTLE START
[2023/02/03 22:50:38] BattleID: 1   BattleLevel: 2   Issue: 1   4th.Round
[2023/02/03 22:50:38] RoundID: 15   MapPattern: 12   BattleMapID:  21   WorldMapID: 869   MapName: ChiÕn Tr­êng Hoang M¹c   RuleID: 8
[2023/02/03 22:50:38] -----------------------------------------------------------------------------------------------------------------------------------------------------------------------------------
[2023/02/03 22:50:38] -----------------------------------------------------------------------------------------------------------------------------------------------------------------------------------
[2023/02/03 22:50:38] [2023-02-03 22:50:38]  NEW BATTLE START
[2023/02/03 22:50:38] BattleID: 1   BattleLevel: 3   Issue: 1   4th.Round
[2023/02/03 22:50:38] RoundID: 15   MapPattern: 12   BattleMapID:  21   WorldMapID: 870   MapName: B¹ch M«n Nguyªn ChiÕn   RuleID: 8
[2023/02/03 22:50:38] -----------------------------------------------------------------------------------------------------------------------------------------------------------------------------------
[2023/02/03 23:00:38] ============ League Match: Phase=1  MatchID=0  SeasonID=75 =============
[2023/02/03 23:00:38] 230203 ->0
[2023/02/03 23:00:38] Hien tai so nguoi dang ky la  0
[2023/02/03 23:00:38] [RUNNING] CHALLENGE OF TIME 0:0
[2023/02/03 23:00:38] =================BAO DANH LOAN CHIEN CUU CHAU COC=================
[2023/02/03 23:07:48] TongConnection close: 127.0.0.1
[2023/02/03 23:07:48] ChatConnection close: 127.0.0.1
