[2023/01/20 19:13:23] Loading All Scripts....................
[2023/01/20 19:13:23] Load Rank FUNC_RANK_EQUIPVALUE
[2023/01/20 19:13:23] Load Stable Rank count 0
[2023/01/20 19:13:23] Load Dynamic Rank count 0
[2023/01/20 19:13:23] Load Rank FUNC_RANK_EQUIPVALUE end
[2023/01/20 19:13:23] load[NIL] is not supported!!!
[2023/01/20 19:13:23] 
All Scripts Have Been Loaded! Count = 79
[2023/01/20 19:13:23] root client[:0] create
[2023/01/20 19:13:25] start autotimer for Ping: 
[2023/01/20 19:13:25] gateway client create: 127.0.0.1
[2023/01/20 19:13:25] TRIP_MODE: None
[2023/01/20 19:13:25] Loading World Setting...
[2023/01/20 19:13:25] Reset map pho ban thanh cong
[2023/01/20 19:13:25] Load League Data...Not League Data.
[2023/01/20 19:13:25]  He thong thong bao tin tuc tu dong 
[2023/01/20 19:13:25] Xep Hang Tong Kim Khoi Dong
[2023/01/20 19:13:25] ============ League Match Start: Phase=1  SeasonID=75 ==============
[2023/01/20 19:13:25] TONG_SHREWMOUSE BAT DAU LUC 20:0...
[2023/01/20 19:13:25] Thien Ha De Nhat Bang ( Dai Chien Bang Hoi)
[2023/01/20 19:13:25] QUA HUY HOANG on start at 12 PM
[2023/01/20 19:13:25] MidAut2010 LoadData
[2023/01/20 19:13:25] KHOI DONG HOAT DONG HOA DANG : 1913
[2023/01/20 19:13:25] BOSS HOANG KIM MON PHAI at 10:00
[2023/01/20 19:13:25] BOSS ¡ì1i Hoang Kim zhangxuan XUAT HIEN:  20:10
[2023/01/20 19:13:25] BOSS ¡ì1i Hoang Kim murongquan XUAT HIEN:  20:20
[2023/01/20 19:13:25] BOSS ¡ì1i Hoang Kim jinshiliang XUAT HIEN:  20:15
[2023/01/20 19:13:25] BOSS HOANG KIM MON PHAI at 22:00
[2023/01/20 19:13:25] =====> SO LUONG BOSS HOANG KIM XUAT HIEN :  0
[2023/01/20 19:13:25] =====> BOSS DOC CO THIEN PHONG XUAT HIEN :  19:45
[2023/01/20 19:13:25] [SEVENCITY]task[start_signup] loaded
[2023/01/20 19:13:25] [SEVENCITY]task[close_signup] loaded
[2023/01/20 19:13:25] [SEVENCITY]task[prepare] loaded
[2023/01/20 19:13:25] [SEVENCITY]task[start] loaded
[2023/01/20 19:13:25] [SEVENCITY]task[close] loaded
[2023/01/20 19:13:25] =================[CTC TAM TRU] XOA DU LIEU CONG THANH=================
[2023/01/20 19:13:25] =================[CTC Tam Tru] BAT DAU GHI DANH=================
[2023/01/20 19:13:25] =================[CTC TAM TRU] KET THUC GHI DANH=================
[2023/01/20 19:13:25] =================[CTC Tam Tru] LOI TRAN CHIEN BAT DAU=================
[2023/01/20 19:13:25] =================[CTC Tam Tru] CONG THANH CHIEN BAT DAU=================
[2023/01/20 19:13:25] BATTLE[XiangYang] 10:50 startup...
[2023/01/20 19:13:25] BATTLE[XiangYang] 12:50 startup...
[2023/01/20 19:13:25] BATTLE[XiangYang] 14:50 startup...
[2023/01/20 19:13:25] BATTLE[XiangYang] 16:50 startup...
[2023/01/20 19:13:25] BATTLE[XiangYang] 18:50 startup...
[2023/01/20 19:13:25] [STARTED]	BATTLE [TONG KIM] 20:50 -> OK!
[2023/01/20 19:13:25] BATTLE[XiangYang] 22:50 startup...
[2023/01/20 19:13:25] =================HOAT DONG PHU QUY CAM HAP============== 
[2023/01/20 19:13:25] =================HOAT DONG GIET NHIM BEO PHI BAT DAU 19:30 VA 30 PHUT SAU KET THUC=======
[2023/01/20 19:13:25] [STARTED] CHALLENGE OF TIME 20:0
[2023/01/20 19:13:25] =================BOSS THIEN TRI XUAT HIEN LUC 20H TANG 4=================
[2023/01/20 19:13:25] [STARTED] FENGLING FERRY
[2023/01/20 19:13:25] =================Hoat Dong Viem De Bat Dau 20:25...=================
[2023/01/20 19:13:25] =================LOAN CHIEN CUU CHAU COC BAT DAU 20:0 va 60 PHUT SE KET THUC=================
[2023/01/20 19:13:25] PHONG HOA LIEN THANH BAT DAU 13:0...
[2023/01/20 19:13:25] Phong Hoa Lien Thanh da ket thuc 15:30...
[2023/01/20 19:13:25] [STARTED] Reset BXH Hang Ngay Luc 00:00 Thu 2
[2023/01/20 19:13:25] =================·Phong Lang Do 0h==================
[2023/01/20 19:13:25] =================·Phong Lang Do 1h==================
[2023/01/20 19:13:25] =================·Phong Lang Do 2h==================
[2023/01/20 19:13:25] =================·Phong Lang Do 3h==================
[2023/01/20 19:13:25] =================·Phong Lang Do 4h==================
[2023/01/20 19:13:25] =================·Phong Lang Do 5h==================
[2023/01/20 19:13:25] =================·Phong Lang Do 6h==================
[2023/01/20 19:13:25] =================·Phong Lang Do 7h==================
[2023/01/20 19:13:25] =================·Phong Lang Do 8h==================
[2023/01/20 19:13:25] =================·Phong Lang Do 9h==================
[2023/01/20 19:13:25] =================·Phong Lang Do 10h==================
[2023/01/20 19:13:25] =================·Phong Lang Do 11h==================
[2023/01/20 19:13:25] =================·Phong Lang Do 12h==================
[2023/01/20 19:13:25] =================·Phong Lang Do 13h==================
[2023/01/20 19:13:25] =================·Phong Lang Do 14h==================
[2023/01/20 19:13:25] =================·Phong Lang Do 15h==================
[2023/01/20 19:13:25] =================·Phong Lang Do 16h==================
[2023/01/20 19:13:25] =================·Phong Lang Do 17h==================
[2023/01/20 19:13:25] =================·Phong Lang Do 18h==================
[2023/01/20 19:13:25] =================·Phong Lang Do 19h==================
[2023/01/20 19:13:25] =================·Phong Lang Do 20h==================
[2023/01/20 19:13:25] =================·Phong Lang Do 21h==================
[2023/01/20 19:13:25] =================·Phong Lang Do 22h==================
[2023/01/20 19:13:25] =================·Phong Lang Do 23h==================
[2023/01/20 19:13:25] =================GLOBALEXCUTECHAT=================
[2023/01/20 19:13:25] =================MS2PLAYERCHAT=================
[2023/01/20 19:13:25]  =================HOA SON DAI CHIEN 10H,15H,22H==================
[2023/01/20 19:13:25] Xoa du lieu thong tin boss Hoang Kim 52301
[2023/01/20 19:13:25] Xoa du lieu thong tin boss Hoang Kim 51302
[2023/01/20 19:13:25] Xoa du lieu thong tin boss Hoang Kim 51102
[2023/01/20 19:13:25] Xoa du lieu thong tin boss Hoang Kim 135403
[2023/01/20 19:13:25] Xoa du lieu thong tin boss Hoang Kim 135604
[2023/01/20 19:13:25] Xoa du lieu thong tin boss Hoang Kim 135705
[2023/01/20 19:13:25] Xoa du lieu thong tin boss Hoang Kim 135206
[2023/01/20 19:13:25] Xoa du lieu thong tin boss Hoang Kim 135807
[2023/01/20 19:13:25] Xoa du lieu thong tin boss Hoang Kim 136008
[2023/01/20 19:13:25] Xoa du lieu thong tin boss Hoang Kim 135109
[2023/01/20 19:13:25] Xoa du lieu thong tin boss Hoang Kim 52301
[2023/01/20 19:13:25] Xoa du lieu thong tin boss Hoang Kim 51302
[2023/01/20 19:13:25] Xoa du lieu thong tin boss Hoang Kim 51102
[2023/01/20 19:13:25] Xoa du lieu thong tin boss Hoang Kim 135403
[2023/01/20 19:13:25] Xoa du lieu thong tin boss Hoang Kim 135604
[2023/01/20 19:13:25] Xoa du lieu thong tin boss Hoang Kim 135705
[2023/01/20 19:13:25] Xoa du lieu thong tin boss Hoang Kim 135206
[2023/01/20 19:13:25] Xoa du lieu thong tin boss Hoang Kim 135807
[2023/01/20 19:13:25] Xoa du lieu thong tin boss Hoang Kim 136008
[2023/01/20 19:13:25] Xoa du lieu thong tin boss Hoang Kim 135109
[2023/01/20 19:13:25] BATTLE[GuoZhan] 20:50 startup...
[2023/01/20 19:13:25] KHOI DONG NHIEM VU TONG KIM CHIEN QUOC 
[2023/01/20 19:13:25] Failed to init statdatamanager!
[2023/01/20 19:13:25] S3Relay -- S3Relay- Khoi dong hoan tat! 
[2023/01/20 19:13:25] 
*
***** S3Relay Start (@ 143324344/00/43200 00:-1077574872:135861597.136280271) >>>>>
*


[2023/01/20 19:13:25] SockThread start success
[2023/01/20 19:13:26] Xep Hang Khoi Dong Hoan Tat
[2023/01/20 19:15:13] ChatConnection create: 127.0.0.1
[2023/01/20 19:15:13] TongConnection create: 127.0.0.1
[2023/01/20 19:15:13] HostConnection create: 127.0.0.1
[2023/01/20 19:15:48] TongDataSendFinish: 127.0.0.1
[2023/01/20 19:15:48] ============ League Match GSReady(16777343): Phase=1  MatchID=0  SeasonID=75 =============
[2023/01/20 19:15:48] GameServerLogin: 127.0.0.1
[2023/01/20 19:15:51] Assign Dynamic map(948,70001) for GS:0
[2023/01/20 19:15:51] GS:0 Total Dynamic map:1
[2023/01/20 19:15:51] GS:0 Total Static map:646
[2023/01/20 19:15:51] Assign Dynamic map(948,70002) for GS:0
[2023/01/20 19:15:51] GS:0 Total Dynamic map:2
[2023/01/20 19:15:51] GS:0 Total Static map:646
[2023/01/20 19:15:51] Assign Dynamic map(948,70003) for GS:0
[2023/01/20 19:15:51] GS:0 Total Dynamic map:3
[2023/01/20 19:15:51] GS:0 Total Static map:646
[2023/01/20 19:15:51] Assign Dynamic map(948,70004) for GS:0
[2023/01/20 19:15:51] GS:0 Total Dynamic map:4
[2023/01/20 19:15:51] GS:0 Total Static map:646
[2023/01/20 19:15:51] Assign Dynamic map(948,70005) for GS:0
[2023/01/20 19:15:51] GS:0 Total Dynamic map:5
[2023/01/20 19:15:51] GS:0 Total Static map:646
[2023/01/20 19:15:52] Assign Dynamic map(975,65536) for GS:0
[2023/01/20 19:15:52] GS:0 Total Dynamic map:6
[2023/01/20 19:15:52] GS:0 Total Static map:646
[2023/01/20 19:15:52] Assign Dynamic map(975,65537) for GS:0
[2023/01/20 19:15:52] GS:0 Total Dynamic map:7
[2023/01/20 19:15:52] GS:0 Total Static map:646
[2023/01/20 19:15:52] Assign Dynamic map(975,65538) for GS:0
[2023/01/20 19:15:52] GS:0 Total Dynamic map:8
[2023/01/20 19:15:52] GS:0 Total Static map:646
[2023/01/20 19:15:52] Assign Dynamic map(975,65539) for GS:0
[2023/01/20 19:15:52] GS:0 Total Dynamic map:9
[2023/01/20 19:15:52] GS:0 Total Static map:646
[2023/01/20 19:15:52] Assign Dynamic map(975,65540) for GS:0
[2023/01/20 19:15:52] GS:0 Total Dynamic map:10
[2023/01/20 19:15:52] GS:0 Total Static map:646
[2023/01/20 19:15:52] Assign Dynamic map(976,65541) for GS:0
[2023/01/20 19:15:52] GS:0 Total Dynamic map:11
[2023/01/20 19:15:52] GS:0 Total Static map:646
[2023/01/20 19:15:52] Assign Dynamic map(976,65542) for GS:0
[2023/01/20 19:15:52] GS:0 Total Dynamic map:12
[2023/01/20 19:15:52] GS:0 Total Static map:646
[2023/01/20 19:15:52] Assign Dynamic map(976,65543) for GS:0
[2023/01/20 19:15:52] GS:0 Total Dynamic map:13
[2023/01/20 19:15:52] GS:0 Total Static map:646
[2023/01/20 19:15:52] Assign Dynamic map(976,65544) for GS:0
[2023/01/20 19:15:52] GS:0 Total Dynamic map:14
[2023/01/20 19:15:52] GS:0 Total Static map:646
[2023/01/20 19:15:52] Assign Dynamic map(976,65545) for GS:0
[2023/01/20 19:15:52] GS:0 Total Dynamic map:15
[2023/01/20 19:15:52] GS:0 Total Static map:646
[2023/01/20 19:15:52] Assign Dynamic map(958,70006) for GS:0
[2023/01/20 19:15:52] GS:0 Total Dynamic map:16
[2023/01/20 19:15:52] GS:0 Total Static map:646
[2023/01/20 19:15:52] Assign Dynamic map(958,70007) for GS:0
[2023/01/20 19:15:52] GS:0 Total Dynamic map:17
[2023/01/20 19:15:52] GS:0 Total Static map:646
[2023/01/20 19:15:52] Assign Dynamic map(958,70008) for GS:0
[2023/01/20 19:15:52] GS:0 Total Dynamic map:18
[2023/01/20 19:15:52] GS:0 Total Static map:646
[2023/01/20 19:15:52] Assign Dynamic map(958,70009) for GS:0
[2023/01/20 19:15:52] GS:0 Total Dynamic map:19
[2023/01/20 19:15:52] GS:0 Total Static map:646
[2023/01/20 19:15:52] Assign Dynamic map(958,70010) for GS:0
[2023/01/20 19:15:52] GS:0 Total Dynamic map:20
[2023/01/20 19:15:52] GS:0 Total Static map:646
[2023/01/20 19:30:25] ============ League Match: Phase=1  MatchID=0  SeasonID=75 =============
[2023/01/20 19:45:25] ============ League Match: Phase=1  MatchID=0  SeasonID=75 =============
[2023/01/20 19:45:25] GOLD BOSS COUNT :  0
[2023/01/20 19:45:25] Create Boss Doc Co Thien Phong,1509,95,162,1668,2981,4----202301201945
[2023/01/20 20:00:25] ============ League Match: Phase=1  MatchID=0  SeasonID=75 =============
[2023/01/20 20:00:25] 230120 ->0
[2023/01/20 20:00:25] Hien tai so nguoi dang ky la  0
[2023/01/20 20:00:25] =================[CTC Tam Tru] LOI TRAN CHIEN BAT DAU=================
[2023/01/20 20:00:25] =================[CTC Tam Tru] CONG THANH CHIEN BAT DAU=================
[2023/01/20 20:00:25] [RUNNING] CHALLENGE OF TIME 21:0
[2023/01/20 20:00:25] =================BOSS THIEN TRI DA XUAT HIEN=================
[2023/01/20 20:00:25] [STARTED] FENGLING FERRY 20H
[2023/01/20 20:00:25] =================BAO DANH LOAN CHIEN CUU CHAU COC=================
[2023/01/20 20:00:25]  =================HOA SON DAI CHIEN Started==================
[2023/01/20 20:15:25] ============ League Match: Phase=1  MatchID=0  SeasonID=75 =============
[2023/01/20 20:25:25] =================Hoat Dong Viem De20:25 Bat Dau======
[2023/01/20 20:30:25] ============ League Match: Phase=1  MatchID=0  SeasonID=75 =============
[2023/01/20 20:30:25] 230120 ->0
[2023/01/20 20:30:25] Hien tai so nguoi dang ky la  0
[2023/01/20 20:45:25] ============ League Match: Phase=1  MatchID=0  SeasonID=75 =============
[2023/01/20 20:50:25] -----------------------------------------------------------------------------------------------------------------------------------------------------------------------------------
[2023/01/20 20:50:25] [2023-01-20 20:50:25]  NEW BATTLE START
[2023/01/20 20:50:25] BattleID: 1   BattleLevel: 1   Issue: 1   1th.Round
[2023/01/20 20:50:25] RoundID: 1   MapPattern: 9   BattleMapID:  21   WorldMapID: 868   MapName: Ngò Ph­¬ng Nguyªn ChiÕn   RuleID: 8
[2023/01/20 20:50:25] -----------------------------------------------------------------------------------------------------------------------------------------------------------------------------------
[2023/01/20 20:50:25] -----------------------------------------------------------------------------------------------------------------------------------------------------------------------------------
[2023/01/20 20:50:25] [2023-01-20 20:50:25]  NEW BATTLE START
[2023/01/20 20:50:25] BattleID: 1   BattleLevel: 2   Issue: 1   1th.Round
[2023/01/20 20:50:25] RoundID: 1   MapPattern: 11   BattleMapID:  1   WorldMapID: 379   MapName: B¹ch M«n Nguyªn ChiÕn   RuleID: 3
[2023/01/20 20:50:25] -----------------------------------------------------------------------------------------------------------------------------------------------------------------------------------
[2023/01/20 20:50:25] -----------------------------------------------------------------------------------------------------------------------------------------------------------------------------------
[2023/01/20 20:50:25] [2023-01-20 20:50:25]  NEW BATTLE START
[2023/01/20 20:50:25] BattleID: 1   BattleLevel: 3   Issue: 1   1th.Round
[2023/01/20 20:50:25] RoundID: 1   MapPattern: 9   BattleMapID:  21   WorldMapID: 870   MapName: ChiÕn Tr­êng Hoang M¹c   RuleID: 8
[2023/01/20 20:50:25] -----------------------------------------------------------------------------------------------------------------------------------------------------------------------------------
[2023/01/20 20:59:42] ChatConnection close: 127.0.0.1
[2023/01/20 20:59:42] TongConnection close: 127.0.0.1
